CRITICAL - 2023-07-10 16:51:22 --> Undefined array key "total_soal"
#0 C:\xampp\htdocs\snbt\app\Models\ConfigMDL.php(20): CodeIgniter\Debug\Exceptions->errorHandler(2, 'Undefined array...', 'C:\\xampp\\htdocs...', 20)
#1 C:\xampp\htdocs\snbt\app\Controllers\Exercise.php(44): App\Models\ConfigMDL->totalSoal()
#2 C:\xampp\htdocs\snbt\system\CodeIgniter.php(832): App\Controllers\Exercise->soal()
#3 C:\xampp\htdocs\snbt\system\CodeIgniter.php(419): CodeIgniter\CodeIgniter->runController(Object(App\Controllers\Exercise))
#4 C:\xampp\htdocs\snbt\system\CodeIgniter.php(326): CodeIgniter\CodeIgniter->handleRequest(NULL, Object(Config\Cache), false)
#5 C:\xampp\htdocs\snbt\public\index.php(37): CodeIgniter\CodeIgniter->run()
#6 C:\xampp\htdocs\snbt\system\Commands\Server\rewrite.php(43): require_once('C:\\xampp\\htdocs...')
#7 {main}
CRITICAL - 2023-07-10 18:18:25 --> Too few arguments to function App\Models\ConfigMDL::totalSoal(), 0 passed in C:\xampp\htdocs\snbt\app\Controllers\Exercise.php on line 44 and exactly 1 expected
#0 C:\xampp\htdocs\snbt\app\Controllers\Exercise.php(44): App\Models\ConfigMDL->totalSoal()
#1 C:\xampp\htdocs\snbt\system\CodeIgniter.php(832): App\Controllers\Exercise->soal()
#2 C:\xampp\htdocs\snbt\system\CodeIgniter.php(419): CodeIgniter\CodeIgniter->runController(Object(App\Controllers\Exercise))
#3 C:\xampp\htdocs\snbt\system\CodeIgniter.php(326): CodeIgniter\CodeIgniter->handleRequest(NULL, Object(Config\Cache), false)
#4 C:\xampp\htdocs\snbt\public\index.php(37): CodeIgniter\CodeIgniter->run()
#5 C:\xampp\htdocs\snbt\system\Commands\Server\rewrite.php(43): require_once('C:\\xampp\\htdocs...')
#6 {main}
CRITICAL - 2023-07-10 18:33:17 --> Undefined array key "total_soal_demo"
#0 C:\xampp\htdocs\snbt\app\Models\ConfigMDL.php(20): CodeIgniter\Debug\Exceptions->errorHandler(2, 'Undefined array...', 'C:\\xampp\\htdocs...', 20)
#1 C:\xampp\htdocs\snbt\app\Controllers\Exercise.php(44): App\Models\ConfigMDL->totalSoal(Array)
#2 C:\xampp\htdocs\snbt\system\CodeIgniter.php(832): App\Controllers\Exercise->soal()
#3 C:\xampp\htdocs\snbt\system\CodeIgniter.php(419): CodeIgniter\CodeIgniter->runController(Object(App\Controllers\Exercise))
#4 C:\xampp\htdocs\snbt\system\CodeIgniter.php(326): CodeIgniter\CodeIgniter->handleRequest(NULL, Object(Config\Cache), false)
#5 C:\xampp\htdocs\snbt\public\index.php(37): CodeIgniter\CodeIgniter->run()
#6 C:\xampp\htdocs\snbt\system\Commands\Server\rewrite.php(43): require_once('C:\\xampp\\htdocs...')
#7 {main}
CRITICAL - 2023-07-10 18:36:57 --> Undefined array key "total_soal_demo"
#0 C:\xampp\htdocs\snbt\app\Models\ConfigMDL.php(20): CodeIgniter\Debug\Exceptions->errorHandler(2, 'Undefined array...', 'C:\\xampp\\htdocs...', 20)
#1 C:\xampp\htdocs\snbt\app\Controllers\Exercise.php(44): App\Models\ConfigMDL->totalSoal(Array)
#2 C:\xampp\htdocs\snbt\system\CodeIgniter.php(832): App\Controllers\Exercise->soal()
#3 C:\xampp\htdocs\snbt\system\CodeIgniter.php(419): CodeIgniter\CodeIgniter->runController(Object(App\Controllers\Exercise))
#4 C:\xampp\htdocs\snbt\system\CodeIgniter.php(326): CodeIgniter\CodeIgniter->handleRequest(NULL, Object(Config\Cache), false)
#5 C:\xampp\htdocs\snbt\public\index.php(37): CodeIgniter\CodeIgniter->run()
#6 C:\xampp\htdocs\snbt\system\Commands\Server\rewrite.php(43): require_once('C:\\xampp\\htdocs...')
#7 {main}
CRITICAL - 2023-07-10 18:46:19 --> Undefined array key "paket"
#0 C:\xampp\htdocs\snbt\app\Models\ConfigMDL.php(20): CodeIgniter\Debug\Exceptions->errorHandler(2, 'Undefined array...', 'C:\\xampp\\htdocs...', 20)
#1 C:\xampp\htdocs\snbt\app\Controllers\Exercise.php(44): App\Models\ConfigMDL->totalSoal(Array)
#2 C:\xampp\htdocs\snbt\system\CodeIgniter.php(832): App\Controllers\Exercise->soal()
#3 C:\xampp\htdocs\snbt\system\CodeIgniter.php(419): CodeIgniter\CodeIgniter->runController(Object(App\Controllers\Exercise))
#4 C:\xampp\htdocs\snbt\system\CodeIgniter.php(326): CodeIgniter\CodeIgniter->handleRequest(NULL, Object(Config\Cache), false)
#5 C:\xampp\htdocs\snbt\public\index.php(37): CodeIgniter\CodeIgniter->run()
#6 C:\xampp\htdocs\snbt\system\Commands\Server\rewrite.php(43): require_once('C:\\xampp\\htdocs...')
#7 {main}
CRITICAL - 2023-07-10 18:47:48 --> Undefined variable $q
#0 C:\xampp\htdocs\snbt\app\Models\ConfigMDL.php(22): CodeIgniter\Debug\Exceptions->errorHandler(2, 'Undefined varia...', 'C:\\xampp\\htdocs...', 22)
#1 C:\xampp\htdocs\snbt\app\Controllers\Exercise.php(44): App\Models\ConfigMDL->totalSoal(Array)
#2 C:\xampp\htdocs\snbt\system\CodeIgniter.php(832): App\Controllers\Exercise->soal()
#3 C:\xampp\htdocs\snbt\system\CodeIgniter.php(419): CodeIgniter\CodeIgniter->runController(Object(App\Controllers\Exercise))
#4 C:\xampp\htdocs\snbt\system\CodeIgniter.php(326): CodeIgniter\CodeIgniter->handleRequest(NULL, Object(Config\Cache), false)
#5 C:\xampp\htdocs\snbt\public\index.php(37): CodeIgniter\CodeIgniter->run()
#6 C:\xampp\htdocs\snbt\system\Commands\Server\rewrite.php(43): require_once('C:\\xampp\\htdocs...')
#7 {main}
CRITICAL - 2023-07-10 18:49:42 --> Undefined array key "total_soal_demo"
#0 C:\xampp\htdocs\snbt\app\Models\ConfigMDL.php(22): CodeIgniter\Debug\Exceptions->errorHandler(2, 'Undefined array...', 'C:\\xampp\\htdocs...', 22)
#1 C:\xampp\htdocs\snbt\app\Controllers\Exercise.php(44): App\Models\ConfigMDL->totalSoal(Array)
#2 C:\xampp\htdocs\snbt\system\CodeIgniter.php(832): App\Controllers\Exercise->soal()
#3 C:\xampp\htdocs\snbt\system\CodeIgniter.php(419): CodeIgniter\CodeIgniter->runController(Object(App\Controllers\Exercise))
#4 C:\xampp\htdocs\snbt\system\CodeIgniter.php(326): CodeIgniter\CodeIgniter->handleRequest(NULL, Object(Config\Cache), false)
#5 C:\xampp\htdocs\snbt\public\index.php(37): CodeIgniter\CodeIgniter->run()
#6 C:\xampp\htdocs\snbt\system\Commands\Server\rewrite.php(43): require_once('C:\\xampp\\htdocs...')
#7 {main}
CRITICAL - 2023-07-10 19:00:44 --> Too few arguments to function App\Models\ConfigMDL::totalSoal(), 0 passed in C:\xampp\htdocs\snbt\app\Controllers\Latihan.php on line 31 and exactly 1 expected
#0 C:\xampp\htdocs\snbt\app\Controllers\Latihan.php(31): App\Models\ConfigMDL->totalSoal()
#1 C:\xampp\htdocs\snbt\system\CodeIgniter.php(832): App\Controllers\Latihan->index()
#2 C:\xampp\htdocs\snbt\system\CodeIgniter.php(419): CodeIgniter\CodeIgniter->runController(Object(App\Controllers\Latihan))
#3 C:\xampp\htdocs\snbt\system\CodeIgniter.php(326): CodeIgniter\CodeIgniter->handleRequest(NULL, Object(Config\Cache), false)
#4 C:\xampp\htdocs\snbt\public\index.php(37): CodeIgniter\CodeIgniter->run()
#5 C:\xampp\htdocs\snbt\system\Commands\Server\rewrite.php(43): require_once('C:\\xampp\\htdocs...')
#6 {main}
CRITICAL - 2023-07-10 19:03:49 --> Undefined variable $totalSoal
#0 C:\xampp\htdocs\snbt\app\Controllers\Latihan.php(74): CodeIgniter\Debug\Exceptions->errorHandler(2, 'Undefined varia...', 'C:\\xampp\\htdocs...', 74)
#1 C:\xampp\htdocs\snbt\system\CodeIgniter.php(832): App\Controllers\Latihan->index()
#2 C:\xampp\htdocs\snbt\system\CodeIgniter.php(419): CodeIgniter\CodeIgniter->runController(Object(App\Controllers\Latihan))
#3 C:\xampp\htdocs\snbt\system\CodeIgniter.php(326): CodeIgniter\CodeIgniter->handleRequest(NULL, Object(Config\Cache), false)
#4 C:\xampp\htdocs\snbt\public\index.php(37): CodeIgniter\CodeIgniter->run()
#5 C:\xampp\htdocs\snbt\system\Commands\Server\rewrite.php(43): require_once('C:\\xampp\\htdocs...')
#6 {main}
CRITICAL - 2023-07-10 19:05:35 --> Undefined variable $total
#0 C:\xampp\htdocs\snbt\app\Views\exercise\latihan.php(127): CodeIgniter\Debug\Exceptions->errorHandler(2, 'Undefined varia...', 'C:\\xampp\\htdocs...', 127)
#1 C:\xampp\htdocs\snbt\system\View\View.php(210): include('C:\\xampp\\htdocs...')
#2 C:\xampp\htdocs\snbt\system\View\View.php(213): CodeIgniter\View\View->CodeIgniter\View\{closure}()
#3 C:\xampp\htdocs\snbt\system\Common.php(1089): CodeIgniter\View\View->render('exercise/latiha...', Array, true)
#4 C:\xampp\htdocs\snbt\app\Controllers\Exercise.php(63): view('exercise/latiha...', Array)
#5 C:\xampp\htdocs\snbt\system\CodeIgniter.php(832): App\Controllers\Exercise->soal()
#6 C:\xampp\htdocs\snbt\system\CodeIgniter.php(419): CodeIgniter\CodeIgniter->runController(Object(App\Controllers\Exercise))
#7 C:\xampp\htdocs\snbt\system\CodeIgniter.php(326): CodeIgniter\CodeIgniter->handleRequest(NULL, Object(Config\Cache), false)
#8 C:\xampp\htdocs\snbt\public\index.php(37): CodeIgniter\CodeIgniter->run()
#9 C:\xampp\htdocs\snbt\system\Commands\Server\rewrite.php(43): require_once('C:\\xampp\\htdocs...')
#10 {main}
CRITICAL - 2023-07-10 19:05:48 --> Undefined variable $total
#0 C:\xampp\htdocs\snbt\app\Views\exercise\latihan.php(127): CodeIgniter\Debug\Exceptions->errorHandler(2, 'Undefined varia...', 'C:\\xampp\\htdocs...', 127)
#1 C:\xampp\htdocs\snbt\system\View\View.php(210): include('C:\\xampp\\htdocs...')
#2 C:\xampp\htdocs\snbt\system\View\View.php(213): CodeIgniter\View\View->CodeIgniter\View\{closure}()
#3 C:\xampp\htdocs\snbt\system\Common.php(1089): CodeIgniter\View\View->render('exercise/latiha...', Array, true)
#4 C:\xampp\htdocs\snbt\app\Controllers\Exercise.php(63): view('exercise/latiha...', Array)
#5 C:\xampp\htdocs\snbt\system\CodeIgniter.php(832): App\Controllers\Exercise->soal()
#6 C:\xampp\htdocs\snbt\system\CodeIgniter.php(419): CodeIgniter\CodeIgniter->runController(Object(App\Controllers\Exercise))
#7 C:\xampp\htdocs\snbt\system\CodeIgniter.php(326): CodeIgniter\CodeIgniter->handleRequest(NULL, Object(Config\Cache), false)
#8 C:\xampp\htdocs\snbt\public\index.php(37): CodeIgniter\CodeIgniter->run()
#9 C:\xampp\htdocs\snbt\system\Commands\Server\rewrite.php(43): require_once('C:\\xampp\\htdocs...')
#10 {main}
CRITICAL - 2023-07-10 19:10:32 --> Undefined variable $total
#0 C:\xampp\htdocs\snbt\app\Views\exercise\latihan.php(127): CodeIgniter\Debug\Exceptions->errorHandler(2, 'Undefined varia...', 'C:\\xampp\\htdocs...', 127)
#1 C:\xampp\htdocs\snbt\system\View\View.php(210): include('C:\\xampp\\htdocs...')
#2 C:\xampp\htdocs\snbt\system\View\View.php(213): CodeIgniter\View\View->CodeIgniter\View\{closure}()
#3 C:\xampp\htdocs\snbt\system\Common.php(1089): CodeIgniter\View\View->render('exercise/latiha...', Array, true)
#4 C:\xampp\htdocs\snbt\app\Controllers\Exercise.php(63): view('exercise/latiha...', Array)
#5 C:\xampp\htdocs\snbt\system\CodeIgniter.php(832): App\Controllers\Exercise->soal()
#6 C:\xampp\htdocs\snbt\system\CodeIgniter.php(419): CodeIgniter\CodeIgniter->runController(Object(App\Controllers\Exercise))
#7 C:\xampp\htdocs\snbt\system\CodeIgniter.php(326): CodeIgniter\CodeIgniter->handleRequest(NULL, Object(Config\Cache), false)
#8 C:\xampp\htdocs\snbt\public\index.php(37): CodeIgniter\CodeIgniter->run()
#9 C:\xampp\htdocs\snbt\system\Commands\Server\rewrite.php(43): require_once('C:\\xampp\\htdocs...')
#10 {main}
CRITICAL - 2023-07-10 19:10:49 --> Undefined variable $total
#0 C:\xampp\htdocs\snbt\app\Views\exercise\latihan.php(127): CodeIgniter\Debug\Exceptions->errorHandler(2, 'Undefined varia...', 'C:\\xampp\\htdocs...', 127)
#1 C:\xampp\htdocs\snbt\system\View\View.php(210): include('C:\\xampp\\htdocs...')
#2 C:\xampp\htdocs\snbt\system\View\View.php(213): CodeIgniter\View\View->CodeIgniter\View\{closure}()
#3 C:\xampp\htdocs\snbt\system\Common.php(1089): CodeIgniter\View\View->render('exercise/latiha...', Array, true)
#4 C:\xampp\htdocs\snbt\app\Controllers\Exercise.php(63): view('exercise/latiha...', Array)
#5 C:\xampp\htdocs\snbt\system\CodeIgniter.php(832): App\Controllers\Exercise->soal()
#6 C:\xampp\htdocs\snbt\system\CodeIgniter.php(419): CodeIgniter\CodeIgniter->runController(Object(App\Controllers\Exercise))
#7 C:\xampp\htdocs\snbt\system\CodeIgniter.php(326): CodeIgniter\CodeIgniter->handleRequest(NULL, Object(Config\Cache), false)
#8 C:\xampp\htdocs\snbt\public\index.php(37): CodeIgniter\CodeIgniter->run()
#9 C:\xampp\htdocs\snbt\system\Commands\Server\rewrite.php(43): require_once('C:\\xampp\\htdocs...')
#10 {main}
CRITICAL - 2023-07-10 19:12:14 --> Undefined property: App\Controllers\Latihan::$userModel
#0 C:\xampp\htdocs\snbt\app\Controllers\Latihan.php(30): CodeIgniter\Debug\Exceptions->errorHandler(2, 'Undefined prope...', 'C:\\xampp\\htdocs...', 30)
#1 C:\xampp\htdocs\snbt\system\CodeIgniter.php(832): App\Controllers\Latihan->index()
#2 C:\xampp\htdocs\snbt\system\CodeIgniter.php(419): CodeIgniter\CodeIgniter->runController(Object(App\Controllers\Latihan))
#3 C:\xampp\htdocs\snbt\system\CodeIgniter.php(326): CodeIgniter\CodeIgniter->handleRequest(NULL, Object(Config\Cache), false)
#4 C:\xampp\htdocs\snbt\public\index.php(37): CodeIgniter\CodeIgniter->run()
#5 C:\xampp\htdocs\snbt\system\Commands\Server\rewrite.php(43): require_once('C:\\xampp\\htdocs...')
#6 {main}
CRITICAL - 2023-07-10 21:16:49 --> Undefined variable $user
#0 C:\xampp\htdocs\snbt\app\Views\exercise\latihan-fp.php(11): CodeIgniter\Debug\Exceptions->errorHandler(2, 'Undefined varia...', 'C:\\xampp\\htdocs...', 11)
#1 C:\xampp\htdocs\snbt\system\View\View.php(210): include('C:\\xampp\\htdocs...')
#2 C:\xampp\htdocs\snbt\system\View\View.php(213): CodeIgniter\View\View->CodeIgniter\View\{closure}()
#3 C:\xampp\htdocs\snbt\system\Common.php(1089): CodeIgniter\View\View->render('exercise/latiha...', Array, true)
#4 C:\xampp\htdocs\snbt\app\Controllers\Exercise.php(63): view('exercise/latiha...', Array)
#5 C:\xampp\htdocs\snbt\system\CodeIgniter.php(832): App\Controllers\Exercise->soal()
#6 C:\xampp\htdocs\snbt\system\CodeIgniter.php(419): CodeIgniter\CodeIgniter->runController(Object(App\Controllers\Exercise))
#7 C:\xampp\htdocs\snbt\system\CodeIgniter.php(326): CodeIgniter\CodeIgniter->handleRequest(NULL, Object(Config\Cache), false)
#8 C:\xampp\htdocs\snbt\public\index.php(37): CodeIgniter\CodeIgniter->run()
#9 C:\xampp\htdocs\snbt\system\Commands\Server\rewrite.php(43): require_once('C:\\xampp\\htdocs...')
#10 {main}
CRITICAL - 2023-07-10 21:16:49 --> Undefined variable $user
#0 C:\xampp\htdocs\snbt\app\Views\exercise\latihan-fp.php(11): CodeIgniter\Debug\Exceptions->errorHandler(2, 'Undefined varia...', 'C:\\xampp\\htdocs...', 11)
#1 C:\xampp\htdocs\snbt\system\View\View.php(210): include('C:\\xampp\\htdocs...')
#2 C:\xampp\htdocs\snbt\system\View\View.php(213): CodeIgniter\View\View->CodeIgniter\View\{closure}()
#3 C:\xampp\htdocs\snbt\system\Common.php(1089): CodeIgniter\View\View->render('exercise/latiha...', Array, true)
#4 C:\xampp\htdocs\snbt\app\Controllers\Exercise.php(63): view('exercise/latiha...', Array)
#5 C:\xampp\htdocs\snbt\system\CodeIgniter.php(832): App\Controllers\Exercise->soal()
#6 C:\xampp\htdocs\snbt\system\CodeIgniter.php(419): CodeIgniter\CodeIgniter->runController(Object(App\Controllers\Exercise))
#7 C:\xampp\htdocs\snbt\system\CodeIgniter.php(326): CodeIgniter\CodeIgniter->handleRequest(NULL, Object(Config\Cache), false)
#8 C:\xampp\htdocs\snbt\public\index.php(37): CodeIgniter\CodeIgniter->run()
#9 C:\xampp\htdocs\snbt\system\Commands\Server\rewrite.php(43): require_once('C:\\xampp\\htdocs...')
#10 {main}
CRITICAL - 2023-07-10 09:47:43 --> syntax error, unexpected token "-", expecting "("
#0 C:\xampp\htdocs\snbt\system\Autoloader\Autoloader.php(241): CodeIgniter\Autoloader\Autoloader->includeFile('C:\\xampp\\htdocs...')
#1 C:\xampp\htdocs\snbt\system\Autoloader\Autoloader.php(219): CodeIgniter\Autoloader\Autoloader->loadInNamespace('App\\Controllers...')
#2 [internal function]: CodeIgniter\Autoloader\Autoloader->loadClass('App\\Controllers...')
#3 C:\xampp\htdocs\snbt\system\CodeIgniter.php(797): class_exists('\\App\\Controller...', true)
#4 C:\xampp\htdocs\snbt\system\CodeIgniter.php(406): CodeIgniter\CodeIgniter->startController()
#5 C:\xampp\htdocs\snbt\system\CodeIgniter.php(326): CodeIgniter\CodeIgniter->handleRequest(NULL, Object(Config\Cache), false)
#6 C:\xampp\htdocs\snbt\public\index.php(37): CodeIgniter\CodeIgniter->run()
#7 C:\xampp\htdocs\snbt\system\Commands\Server\rewrite.php(43): require_once('C:\\xampp\\htdocs...')
#8 {main}
CRITICAL - 2023-07-10 09:47:56 --> syntax error, unexpected token "-", expecting "("
#0 C:\xampp\htdocs\snbt\system\Autoloader\Autoloader.php(241): CodeIgniter\Autoloader\Autoloader->includeFile('C:\\xampp\\htdocs...')
#1 C:\xampp\htdocs\snbt\system\Autoloader\Autoloader.php(219): CodeIgniter\Autoloader\Autoloader->loadInNamespace('App\\Controllers...')
#2 [internal function]: CodeIgniter\Autoloader\Autoloader->loadClass('App\\Controllers...')
#3 C:\xampp\htdocs\snbt\system\CodeIgniter.php(797): class_exists('\\App\\Controller...', true)
#4 C:\xampp\htdocs\snbt\system\CodeIgniter.php(406): CodeIgniter\CodeIgniter->startController()
#5 C:\xampp\htdocs\snbt\system\CodeIgniter.php(326): CodeIgniter\CodeIgniter->handleRequest(NULL, Object(Config\Cache), false)
#6 C:\xampp\htdocs\snbt\public\index.php(37): CodeIgniter\CodeIgniter->run()
#7 C:\xampp\htdocs\snbt\system\Commands\Server\rewrite.php(43): require_once('C:\\xampp\\htdocs...')
#8 {main}
CRITICAL - 2023-07-10 21:53:33 --> Undefined variable $paket
#0 C:\xampp\htdocs\snbt\app\Views\exercise\latihan-fp.php(11): CodeIgniter\Debug\Exceptions->errorHandler(2, 'Undefined varia...', 'C:\\xampp\\htdocs...', 11)
#1 C:\xampp\htdocs\snbt\system\View\View.php(210): include('C:\\xampp\\htdocs...')
#2 C:\xampp\htdocs\snbt\system\View\View.php(213): CodeIgniter\View\View->CodeIgniter\View\{closure}()
#3 C:\xampp\htdocs\snbt\system\Common.php(1089): CodeIgniter\View\View->render('exercise/latiha...', Array, true)
#4 C:\xampp\htdocs\snbt\app\Controllers\Exercise.php(195): view('exercise/latiha...')
#5 C:\xampp\htdocs\snbt\system\CodeIgniter.php(832): App\Controllers\Exercise->latihanFP()
#6 C:\xampp\htdocs\snbt\system\CodeIgniter.php(419): CodeIgniter\CodeIgniter->runController(Object(App\Controllers\Exercise))
#7 C:\xampp\htdocs\snbt\system\CodeIgniter.php(326): CodeIgniter\CodeIgniter->handleRequest(NULL, Object(Config\Cache), false)
#8 C:\xampp\htdocs\snbt\public\index.php(37): CodeIgniter\CodeIgniter->run()
#9 C:\xampp\htdocs\snbt\system\Commands\Server\rewrite.php(43): require_once('C:\\xampp\\htdocs...')
#10 {main}
CRITICAL - 2023-07-10 09:58:44 --> syntax error, unexpected token ";", expecting "]"
#0 C:\xampp\htdocs\snbt\system\Autoloader\Autoloader.php(241): CodeIgniter\Autoloader\Autoloader->includeFile('C:\\xampp\\htdocs...')
#1 C:\xampp\htdocs\snbt\system\Autoloader\Autoloader.php(219): CodeIgniter\Autoloader\Autoloader->loadInNamespace('App\\Controllers...')
#2 [internal function]: CodeIgniter\Autoloader\Autoloader->loadClass('App\\Controllers...')
#3 C:\xampp\htdocs\snbt\system\CodeIgniter.php(797): class_exists('\\App\\Controller...', true)
#4 C:\xampp\htdocs\snbt\system\CodeIgniter.php(406): CodeIgniter\CodeIgniter->startController()
#5 C:\xampp\htdocs\snbt\system\CodeIgniter.php(326): CodeIgniter\CodeIgniter->handleRequest(NULL, Object(Config\Cache), false)
#6 C:\xampp\htdocs\snbt\public\index.php(37): CodeIgniter\CodeIgniter->run()
#7 C:\xampp\htdocs\snbt\system\Commands\Server\rewrite.php(43): require_once('C:\\xampp\\htdocs...')
#8 {main}
CRITICAL - 2023-07-10 09:58:49 --> syntax error, unexpected token ";", expecting "]"
#0 C:\xampp\htdocs\snbt\system\Autoloader\Autoloader.php(241): CodeIgniter\Autoloader\Autoloader->includeFile('C:\\xampp\\htdocs...')
#1 C:\xampp\htdocs\snbt\system\Autoloader\Autoloader.php(219): CodeIgniter\Autoloader\Autoloader->loadInNamespace('App\\Controllers...')
#2 [internal function]: CodeIgniter\Autoloader\Autoloader->loadClass('App\\Controllers...')
#3 C:\xampp\htdocs\snbt\system\CodeIgniter.php(797): class_exists('\\App\\Controller...', true)
#4 C:\xampp\htdocs\snbt\system\CodeIgniter.php(406): CodeIgniter\CodeIgniter->startController()
#5 C:\xampp\htdocs\snbt\system\CodeIgniter.php(326): CodeIgniter\CodeIgniter->handleRequest(NULL, Object(Config\Cache), false)
#6 C:\xampp\htdocs\snbt\public\index.php(37): CodeIgniter\CodeIgniter->run()
#7 C:\xampp\htdocs\snbt\system\Commands\Server\rewrite.php(43): require_once('C:\\xampp\\htdocs...')
#8 {main}
CRITICAL - 2023-07-10 09:58:49 --> syntax error, unexpected token ";", expecting "]"
#0 C:\xampp\htdocs\snbt\system\Autoloader\Autoloader.php(241): CodeIgniter\Autoloader\Autoloader->includeFile('C:\\xampp\\htdocs...')
#1 C:\xampp\htdocs\snbt\system\Autoloader\Autoloader.php(219): CodeIgniter\Autoloader\Autoloader->loadInNamespace('App\\Controllers...')
#2 [internal function]: CodeIgniter\Autoloader\Autoloader->loadClass('App\\Controllers...')
#3 C:\xampp\htdocs\snbt\system\CodeIgniter.php(797): class_exists('\\App\\Controller...', true)
#4 C:\xampp\htdocs\snbt\system\CodeIgniter.php(406): CodeIgniter\CodeIgniter->startController()
#5 C:\xampp\htdocs\snbt\system\CodeIgniter.php(326): CodeIgniter\CodeIgniter->handleRequest(NULL, Object(Config\Cache), false)
#6 C:\xampp\htdocs\snbt\public\index.php(37): CodeIgniter\CodeIgniter->run()
#7 C:\xampp\htdocs\snbt\system\Commands\Server\rewrite.php(43): require_once('C:\\xampp\\htdocs...')
#8 {main}
CRITICAL - 2023-07-10 09:59:00 --> syntax error, unexpected token ";", expecting "]"
#0 C:\xampp\htdocs\snbt\system\Router\Router.php(175): CodeIgniter\Router\Router->autoRoute('exercise/login')
#1 C:\xampp\htdocs\snbt\system\CodeIgniter.php(726): CodeIgniter\Router\Router->handle('exercise/login')
#2 C:\xampp\htdocs\snbt\system\CodeIgniter.php(368): CodeIgniter\CodeIgniter->tryToRouteIt(Object(CodeIgniter\Router\RouteCollection))
#3 C:\xampp\htdocs\snbt\system\CodeIgniter.php(326): CodeIgniter\CodeIgniter->handleRequest(NULL, Object(Config\Cache), false)
#4 C:\xampp\htdocs\snbt\public\index.php(37): CodeIgniter\CodeIgniter->run()
#5 C:\xampp\htdocs\snbt\system\Commands\Server\rewrite.php(43): require_once('C:\\xampp\\htdocs...')
#6 {main}
CRITICAL - 2023-07-10 09:59:14 --> syntax error, unexpected token ";", expecting "]"
#0 C:\xampp\htdocs\snbt\system\Autoloader\Autoloader.php(241): CodeIgniter\Autoloader\Autoloader->includeFile('C:\\xampp\\htdocs...')
#1 C:\xampp\htdocs\snbt\system\Autoloader\Autoloader.php(219): CodeIgniter\Autoloader\Autoloader->loadInNamespace('App\\Controllers...')
#2 [internal function]: CodeIgniter\Autoloader\Autoloader->loadClass('App\\Controllers...')
#3 C:\xampp\htdocs\snbt\system\CodeIgniter.php(797): class_exists('\\App\\Controller...', true)
#4 C:\xampp\htdocs\snbt\system\CodeIgniter.php(406): CodeIgniter\CodeIgniter->startController()
#5 C:\xampp\htdocs\snbt\system\CodeIgniter.php(326): CodeIgniter\CodeIgniter->handleRequest(NULL, Object(Config\Cache), false)
#6 C:\xampp\htdocs\snbt\public\index.php(37): CodeIgniter\CodeIgniter->run()
#7 C:\xampp\htdocs\snbt\system\Commands\Server\rewrite.php(43): require_once('C:\\xampp\\htdocs...')
#8 {main}
CRITICAL - 2023-07-10 22:01:13 --> Undefined variable $paket
#0 C:\xampp\htdocs\snbt\app\Views\exercise\latihan-fp.php(11): CodeIgniter\Debug\Exceptions->errorHandler(2, 'Undefined varia...', 'C:\\xampp\\htdocs...', 11)
#1 C:\xampp\htdocs\snbt\system\View\View.php(210): include('C:\\xampp\\htdocs...')
#2 C:\xampp\htdocs\snbt\system\View\View.php(213): CodeIgniter\View\View->CodeIgniter\View\{closure}()
#3 C:\xampp\htdocs\snbt\system\Common.php(1089): CodeIgniter\View\View->render('exercise/latiha...', Array, true)
#4 C:\xampp\htdocs\snbt\app\Controllers\Exercise.php(198): view('exercise/latiha...')
#5 C:\xampp\htdocs\snbt\system\CodeIgniter.php(832): App\Controllers\Exercise->latihanFP()
#6 C:\xampp\htdocs\snbt\system\CodeIgniter.php(419): CodeIgniter\CodeIgniter->runController(Object(App\Controllers\Exercise))
#7 C:\xampp\htdocs\snbt\system\CodeIgniter.php(326): CodeIgniter\CodeIgniter->handleRequest(NULL, Object(Config\Cache), false)
#8 C:\xampp\htdocs\snbt\public\index.php(37): CodeIgniter\CodeIgniter->run()
#9 C:\xampp\htdocs\snbt\system\Commands\Server\rewrite.php(43): require_once('C:\\xampp\\htdocs...')
#10 {main}
