CRITICAL - 2023-07-12 15:12:53 --> syntax error, unexpected token "}", expecting "," or ";"
#0 C:\xampp\htdocs\snbt\system\View\View.php(213): CodeIgniter\View\View->CodeIgniter\View\{closure}()
#1 C:\xampp\htdocs\snbt\system\Common.php(1089): CodeIgniter\View\View->render('exercise/selesa...', Array, true)
#2 C:\xampp\htdocs\snbt\app\Controllers\Exercise.php(203): view('exercise/selesa...')
#3 C:\xampp\htdocs\snbt\system\CodeIgniter.php(832): App\Controllers\Exercise->review()
#4 C:\xampp\htdocs\snbt\system\CodeIgniter.php(419): CodeIgniter\CodeIgniter->runController(Object(App\Controllers\Exercise))
#5 C:\xampp\htdocs\snbt\system\CodeIgniter.php(326): CodeIgniter\CodeIgniter->handleRequest(NULL, Object(Config\Cache), false)
#6 C:\xampp\htdocs\snbt\public\index.php(37): CodeIgniter\CodeIgniter->run()
#7 C:\xampp\htdocs\snbt\system\Commands\Server\rewrite.php(43): require_once('C:\\xampp\\htdocs...')
#8 {main}
CRITICAL - 2023-07-12 15:19:31 --> syntax error, unexpected token "<"
#0 C:\xampp\htdocs\snbt\system\View\View.php(213): CodeIgniter\View\View->CodeIgniter\View\{closure}()
#1 C:\xampp\htdocs\snbt\system\Common.php(1089): CodeIgniter\View\View->render('exercise/selesa...', Array, true)
#2 C:\xampp\htdocs\snbt\app\Controllers\Exercise.php(203): view('exercise/selesa...')
#3 C:\xampp\htdocs\snbt\system\CodeIgniter.php(832): App\Controllers\Exercise->review()
#4 C:\xampp\htdocs\snbt\system\CodeIgniter.php(419): CodeIgniter\CodeIgniter->runController(Object(App\Controllers\Exercise))
#5 C:\xampp\htdocs\snbt\system\CodeIgniter.php(326): CodeIgniter\CodeIgniter->handleRequest(NULL, Object(Config\Cache), false)
#6 C:\xampp\htdocs\snbt\public\index.php(37): CodeIgniter\CodeIgniter->run()
#7 C:\xampp\htdocs\snbt\system\Commands\Server\rewrite.php(43): require_once('C:\\xampp\\htdocs...')
#8 {main}
CRITICAL - 2023-07-12 15:21:51 --> syntax error, unexpected token "<"
#0 C:\xampp\htdocs\snbt\system\View\View.php(213): CodeIgniter\View\View->CodeIgniter\View\{closure}()
#1 C:\xampp\htdocs\snbt\system\Common.php(1089): CodeIgniter\View\View->render('exercise/selesa...', Array, true)
#2 C:\xampp\htdocs\snbt\app\Controllers\Exercise.php(203): view('exercise/selesa...')
#3 C:\xampp\htdocs\snbt\system\CodeIgniter.php(832): App\Controllers\Exercise->review()
#4 C:\xampp\htdocs\snbt\system\CodeIgniter.php(419): CodeIgniter\CodeIgniter->runController(Object(App\Controllers\Exercise))
#5 C:\xampp\htdocs\snbt\system\CodeIgniter.php(326): CodeIgniter\CodeIgniter->handleRequest(NULL, Object(Config\Cache), false)
#6 C:\xampp\htdocs\snbt\public\index.php(37): CodeIgniter\CodeIgniter->run()
#7 C:\xampp\htdocs\snbt\system\Commands\Server\rewrite.php(43): require_once('C:\\xampp\\htdocs...')
#8 {main}
CRITICAL - 2023-07-12 19:04:22 --> syntax error, unexpected token ";", expecting ")"
#0 C:\xampp\htdocs\snbt\system\View\View.php(213): CodeIgniter\View\View->CodeIgniter\View\{closure}()
#1 C:\xampp\htdocs\snbt\system\Common.php(1089): CodeIgniter\View\View->render('exercise/selesa...', Array, true)
#2 C:\xampp\htdocs\snbt\app\Controllers\Exercise.php(203): view('exercise/selesa...')
#3 C:\xampp\htdocs\snbt\system\CodeIgniter.php(832): App\Controllers\Exercise->review()
#4 C:\xampp\htdocs\snbt\system\CodeIgniter.php(419): CodeIgniter\CodeIgniter->runController(Object(App\Controllers\Exercise))
#5 C:\xampp\htdocs\snbt\system\CodeIgniter.php(326): CodeIgniter\CodeIgniter->handleRequest(NULL, Object(Config\Cache), false)
#6 C:\xampp\htdocs\snbt\public\index.php(37): CodeIgniter\CodeIgniter->run()
#7 C:\xampp\htdocs\snbt\system\Commands\Server\rewrite.php(43): require_once('C:\\xampp\\htdocs...')
#8 {main}
CRITICAL - 2023-07-12 19:05:22 --> syntax error, unexpected token "<", expecting end of file
#0 C:\xampp\htdocs\snbt\system\View\View.php(213): CodeIgniter\View\View->CodeIgniter\View\{closure}()
#1 C:\xampp\htdocs\snbt\system\Common.php(1089): CodeIgniter\View\View->render('exercise/selesa...', Array, true)
#2 C:\xampp\htdocs\snbt\app\Controllers\Exercise.php(203): view('exercise/selesa...')
#3 C:\xampp\htdocs\snbt\system\CodeIgniter.php(832): App\Controllers\Exercise->review()
#4 C:\xampp\htdocs\snbt\system\CodeIgniter.php(419): CodeIgniter\CodeIgniter->runController(Object(App\Controllers\Exercise))
#5 C:\xampp\htdocs\snbt\system\CodeIgniter.php(326): CodeIgniter\CodeIgniter->handleRequest(NULL, Object(Config\Cache), false)
#6 C:\xampp\htdocs\snbt\public\index.php(37): CodeIgniter\CodeIgniter->run()
#7 C:\xampp\htdocs\snbt\system\Commands\Server\rewrite.php(43): require_once('C:\\xampp\\htdocs...')
#8 {main}
CRITICAL - 2023-07-12 19:06:30 --> syntax error, unexpected token "<", expecting end of file
#0 C:\xampp\htdocs\snbt\system\View\View.php(213): CodeIgniter\View\View->CodeIgniter\View\{closure}()
#1 C:\xampp\htdocs\snbt\system\Common.php(1089): CodeIgniter\View\View->render('exercise/selesa...', Array, true)
#2 C:\xampp\htdocs\snbt\app\Controllers\Exercise.php(203): view('exercise/selesa...')
#3 C:\xampp\htdocs\snbt\system\CodeIgniter.php(832): App\Controllers\Exercise->review()
#4 C:\xampp\htdocs\snbt\system\CodeIgniter.php(419): CodeIgniter\CodeIgniter->runController(Object(App\Controllers\Exercise))
#5 C:\xampp\htdocs\snbt\system\CodeIgniter.php(326): CodeIgniter\CodeIgniter->handleRequest(NULL, Object(Config\Cache), false)
#6 C:\xampp\htdocs\snbt\public\index.php(37): CodeIgniter\CodeIgniter->run()
#7 C:\xampp\htdocs\snbt\system\Commands\Server\rewrite.php(43): require_once('C:\\xampp\\htdocs...')
#8 {main}
CRITICAL - 2023-07-12 19:06:34 --> syntax error, unexpected token "<", expecting end of file
#0 C:\xampp\htdocs\snbt\system\View\View.php(213): CodeIgniter\View\View->CodeIgniter\View\{closure}()
#1 C:\xampp\htdocs\snbt\system\Common.php(1089): CodeIgniter\View\View->render('exercise/selesa...', Array, true)
#2 C:\xampp\htdocs\snbt\app\Controllers\Exercise.php(203): view('exercise/selesa...')
#3 C:\xampp\htdocs\snbt\system\CodeIgniter.php(832): App\Controllers\Exercise->review()
#4 C:\xampp\htdocs\snbt\system\CodeIgniter.php(419): CodeIgniter\CodeIgniter->runController(Object(App\Controllers\Exercise))
#5 C:\xampp\htdocs\snbt\system\CodeIgniter.php(326): CodeIgniter\CodeIgniter->handleRequest(NULL, Object(Config\Cache), false)
#6 C:\xampp\htdocs\snbt\public\index.php(37): CodeIgniter\CodeIgniter->run()
#7 C:\xampp\htdocs\snbt\system\Commands\Server\rewrite.php(43): require_once('C:\\xampp\\htdocs...')
#8 {main}
CRITICAL - 2023-07-12 19:09:22 --> Undefined property: CodeIgniter\View\View::$soalModel
#0 C:\xampp\htdocs\snbt\app\Views\exercise\selesai-review.php(88): CodeIgniter\Debug\Exceptions->errorHandler(2, 'Undefined prope...', 'C:\\xampp\\htdocs...', 88)
#1 C:\xampp\htdocs\snbt\system\View\View.php(210): include('C:\\xampp\\htdocs...')
#2 C:\xampp\htdocs\snbt\system\View\View.php(213): CodeIgniter\View\View->CodeIgniter\View\{closure}()
#3 C:\xampp\htdocs\snbt\system\Common.php(1089): CodeIgniter\View\View->render('exercise/selesa...', Array, true)
#4 C:\xampp\htdocs\snbt\app\Controllers\Exercise.php(203): view('exercise/selesa...')
#5 C:\xampp\htdocs\snbt\system\CodeIgniter.php(832): App\Controllers\Exercise->review()
#6 C:\xampp\htdocs\snbt\system\CodeIgniter.php(419): CodeIgniter\CodeIgniter->runController(Object(App\Controllers\Exercise))
#7 C:\xampp\htdocs\snbt\system\CodeIgniter.php(326): CodeIgniter\CodeIgniter->handleRequest(NULL, Object(Config\Cache), false)
#8 C:\xampp\htdocs\snbt\public\index.php(37): CodeIgniter\CodeIgniter->run()
#9 C:\xampp\htdocs\snbt\system\Commands\Server\rewrite.php(43): require_once('C:\\xampp\\htdocs...')
#10 {main}
CRITICAL - 2023-07-12 19:28:51 --> syntax error, unexpected token ";"
#0 C:\xampp\htdocs\snbt\system\View\View.php(213): CodeIgniter\View\View->CodeIgniter\View\{closure}()
#1 C:\xampp\htdocs\snbt\system\Common.php(1089): CodeIgniter\View\View->render('exercise/selesa...', Array, true)
#2 C:\xampp\htdocs\snbt\app\Controllers\Exercise.php(203): view('exercise/selesa...')
#3 C:\xampp\htdocs\snbt\system\CodeIgniter.php(832): App\Controllers\Exercise->review()
#4 C:\xampp\htdocs\snbt\system\CodeIgniter.php(419): CodeIgniter\CodeIgniter->runController(Object(App\Controllers\Exercise))
#5 C:\xampp\htdocs\snbt\system\CodeIgniter.php(326): CodeIgniter\CodeIgniter->handleRequest(NULL, Object(Config\Cache), false)
#6 C:\xampp\htdocs\snbt\public\index.php(37): CodeIgniter\CodeIgniter->run()
#7 C:\xampp\htdocs\snbt\system\Commands\Server\rewrite.php(43): require_once('C:\\xampp\\htdocs...')
#8 {main}
CRITICAL - 2023-07-12 19:30:26 --> Undefined variable $jawabanBenar
#0 C:\xampp\htdocs\snbt\app\Views\exercise\selesai-review.php(88): CodeIgniter\Debug\Exceptions->errorHandler(2, 'Undefined varia...', 'C:\\xampp\\htdocs...', 88)
#1 C:\xampp\htdocs\snbt\system\View\View.php(210): include('C:\\xampp\\htdocs...')
#2 C:\xampp\htdocs\snbt\system\View\View.php(213): CodeIgniter\View\View->CodeIgniter\View\{closure}()
#3 C:\xampp\htdocs\snbt\system\Common.php(1089): CodeIgniter\View\View->render('exercise/selesa...', Array, true)
#4 C:\xampp\htdocs\snbt\app\Controllers\Exercise.php(203): view('exercise/selesa...')
#5 C:\xampp\htdocs\snbt\system\CodeIgniter.php(832): App\Controllers\Exercise->review()
#6 C:\xampp\htdocs\snbt\system\CodeIgniter.php(419): CodeIgniter\CodeIgniter->runController(Object(App\Controllers\Exercise))
#7 C:\xampp\htdocs\snbt\system\CodeIgniter.php(326): CodeIgniter\CodeIgniter->handleRequest(NULL, Object(Config\Cache), false)
#8 C:\xampp\htdocs\snbt\public\index.php(37): CodeIgniter\CodeIgniter->run()
#9 C:\xampp\htdocs\snbt\system\Commands\Server\rewrite.php(43): require_once('C:\\xampp\\htdocs...')
#10 {main}
CRITICAL - 2023-07-12 19:30:58 --> Undefined variable $jawabanBenar
#0 C:\xampp\htdocs\snbt\app\Views\exercise\selesai-review.php(88): CodeIgniter\Debug\Exceptions->errorHandler(2, 'Undefined varia...', 'C:\\xampp\\htdocs...', 88)
#1 C:\xampp\htdocs\snbt\system\View\View.php(210): include('C:\\xampp\\htdocs...')
#2 C:\xampp\htdocs\snbt\system\View\View.php(213): CodeIgniter\View\View->CodeIgniter\View\{closure}()
#3 C:\xampp\htdocs\snbt\system\Common.php(1089): CodeIgniter\View\View->render('exercise/selesa...', Array, true)
#4 C:\xampp\htdocs\snbt\app\Controllers\Exercise.php(203): view('exercise/selesa...')
#5 C:\xampp\htdocs\snbt\system\CodeIgniter.php(832): App\Controllers\Exercise->review()
#6 C:\xampp\htdocs\snbt\system\CodeIgniter.php(419): CodeIgniter\CodeIgniter->runController(Object(App\Controllers\Exercise))
#7 C:\xampp\htdocs\snbt\system\CodeIgniter.php(326): CodeIgniter\CodeIgniter->handleRequest(NULL, Object(Config\Cache), false)
#8 C:\xampp\htdocs\snbt\public\index.php(37): CodeIgniter\CodeIgniter->run()
#9 C:\xampp\htdocs\snbt\system\Commands\Server\rewrite.php(43): require_once('C:\\xampp\\htdocs...')
#10 {main}
CRITICAL - 2023-07-12 19:32:02 --> Undefined variable $jawabanBenar
#0 C:\xampp\htdocs\snbt\app\Views\exercise\selesai-review.php(88): CodeIgniter\Debug\Exceptions->errorHandler(2, 'Undefined varia...', 'C:\\xampp\\htdocs...', 88)
#1 C:\xampp\htdocs\snbt\system\View\View.php(210): include('C:\\xampp\\htdocs...')
#2 C:\xampp\htdocs\snbt\system\View\View.php(213): CodeIgniter\View\View->CodeIgniter\View\{closure}()
#3 C:\xampp\htdocs\snbt\system\Common.php(1089): CodeIgniter\View\View->render('exercise/selesa...', Array, true)
#4 C:\xampp\htdocs\snbt\app\Controllers\Exercise.php(203): view('exercise/selesa...')
#5 C:\xampp\htdocs\snbt\system\CodeIgniter.php(832): App\Controllers\Exercise->review()
#6 C:\xampp\htdocs\snbt\system\CodeIgniter.php(419): CodeIgniter\CodeIgniter->runController(Object(App\Controllers\Exercise))
#7 C:\xampp\htdocs\snbt\system\CodeIgniter.php(326): CodeIgniter\CodeIgniter->handleRequest(NULL, Object(Config\Cache), false)
#8 C:\xampp\htdocs\snbt\public\index.php(37): CodeIgniter\CodeIgniter->run()
#9 C:\xampp\htdocs\snbt\system\Commands\Server\rewrite.php(43): require_once('C:\\xampp\\htdocs...')
#10 {main}
CRITICAL - 2023-07-12 19:33:23 --> Array to string conversion
#0 C:\xampp\htdocs\snbt\app\Views\exercise\selesai-review.php(92): CodeIgniter\Debug\Exceptions->errorHandler(2, 'Array to string...', 'C:\\xampp\\htdocs...', 92)
#1 C:\xampp\htdocs\snbt\system\View\View.php(210): include('C:\\xampp\\htdocs...')
#2 C:\xampp\htdocs\snbt\system\View\View.php(213): CodeIgniter\View\View->CodeIgniter\View\{closure}()
#3 C:\xampp\htdocs\snbt\system\Common.php(1089): CodeIgniter\View\View->render('exercise/selesa...', Array, true)
#4 C:\xampp\htdocs\snbt\app\Controllers\Exercise.php(203): view('exercise/selesa...')
#5 C:\xampp\htdocs\snbt\system\CodeIgniter.php(832): App\Controllers\Exercise->review()
#6 C:\xampp\htdocs\snbt\system\CodeIgniter.php(419): CodeIgniter\CodeIgniter->runController(Object(App\Controllers\Exercise))
#7 C:\xampp\htdocs\snbt\system\CodeIgniter.php(326): CodeIgniter\CodeIgniter->handleRequest(NULL, Object(Config\Cache), false)
#8 C:\xampp\htdocs\snbt\public\index.php(37): CodeIgniter\CodeIgniter->run()
#9 C:\xampp\htdocs\snbt\system\Commands\Server\rewrite.php(43): require_once('C:\\xampp\\htdocs...')
#10 {main}
CRITICAL - 2023-07-12 19:34:26 --> Undefined variable $jawabanSoal
#0 C:\xampp\htdocs\snbt\app\Views\exercise\selesai-review.php(94): CodeIgniter\Debug\Exceptions->errorHandler(2, 'Undefined varia...', 'C:\\xampp\\htdocs...', 94)
#1 C:\xampp\htdocs\snbt\system\View\View.php(210): include('C:\\xampp\\htdocs...')
#2 C:\xampp\htdocs\snbt\system\View\View.php(213): CodeIgniter\View\View->CodeIgniter\View\{closure}()
#3 C:\xampp\htdocs\snbt\system\Common.php(1089): CodeIgniter\View\View->render('exercise/selesa...', Array, true)
#4 C:\xampp\htdocs\snbt\app\Controllers\Exercise.php(203): view('exercise/selesa...')
#5 C:\xampp\htdocs\snbt\system\CodeIgniter.php(832): App\Controllers\Exercise->review()
#6 C:\xampp\htdocs\snbt\system\CodeIgniter.php(419): CodeIgniter\CodeIgniter->runController(Object(App\Controllers\Exercise))
#7 C:\xampp\htdocs\snbt\system\CodeIgniter.php(326): CodeIgniter\CodeIgniter->handleRequest(NULL, Object(Config\Cache), false)
#8 C:\xampp\htdocs\snbt\public\index.php(37): CodeIgniter\CodeIgniter->run()
#9 C:\xampp\htdocs\snbt\system\Commands\Server\rewrite.php(43): require_once('C:\\xampp\\htdocs...')
#10 {main}
CRITICAL - 2023-07-12 19:35:48 --> Undefined variable $jawabanSoal
#0 C:\xampp\htdocs\snbt\app\Views\exercise\selesai-review.php(94): CodeIgniter\Debug\Exceptions->errorHandler(2, 'Undefined varia...', 'C:\\xampp\\htdocs...', 94)
#1 C:\xampp\htdocs\snbt\system\View\View.php(210): include('C:\\xampp\\htdocs...')
#2 C:\xampp\htdocs\snbt\system\View\View.php(213): CodeIgniter\View\View->CodeIgniter\View\{closure}()
#3 C:\xampp\htdocs\snbt\system\Common.php(1089): CodeIgniter\View\View->render('exercise/selesa...', Array, true)
#4 C:\xampp\htdocs\snbt\app\Controllers\Exercise.php(203): view('exercise/selesa...')
#5 C:\xampp\htdocs\snbt\system\CodeIgniter.php(832): App\Controllers\Exercise->review()
#6 C:\xampp\htdocs\snbt\system\CodeIgniter.php(419): CodeIgniter\CodeIgniter->runController(Object(App\Controllers\Exercise))
#7 C:\xampp\htdocs\snbt\system\CodeIgniter.php(326): CodeIgniter\CodeIgniter->handleRequest(NULL, Object(Config\Cache), false)
#8 C:\xampp\htdocs\snbt\public\index.php(37): CodeIgniter\CodeIgniter->run()
#9 C:\xampp\htdocs\snbt\system\Commands\Server\rewrite.php(43): require_once('C:\\xampp\\htdocs...')
#10 {main}
CRITICAL - 2023-07-12 19:35:55 --> Undefined variable $jawabanSoal
#0 C:\xampp\htdocs\snbt\app\Views\exercise\selesai-review.php(94): CodeIgniter\Debug\Exceptions->errorHandler(2, 'Undefined varia...', 'C:\\xampp\\htdocs...', 94)
#1 C:\xampp\htdocs\snbt\system\View\View.php(210): include('C:\\xampp\\htdocs...')
#2 C:\xampp\htdocs\snbt\system\View\View.php(213): CodeIgniter\View\View->CodeIgniter\View\{closure}()
#3 C:\xampp\htdocs\snbt\system\Common.php(1089): CodeIgniter\View\View->render('exercise/selesa...', Array, true)
#4 C:\xampp\htdocs\snbt\app\Controllers\Exercise.php(203): view('exercise/selesa...')
#5 C:\xampp\htdocs\snbt\system\CodeIgniter.php(832): App\Controllers\Exercise->review()
#6 C:\xampp\htdocs\snbt\system\CodeIgniter.php(419): CodeIgniter\CodeIgniter->runController(Object(App\Controllers\Exercise))
#7 C:\xampp\htdocs\snbt\system\CodeIgniter.php(326): CodeIgniter\CodeIgniter->handleRequest(NULL, Object(Config\Cache), false)
#8 C:\xampp\htdocs\snbt\public\index.php(37): CodeIgniter\CodeIgniter->run()
#9 C:\xampp\htdocs\snbt\system\Commands\Server\rewrite.php(43): require_once('C:\\xampp\\htdocs...')
#10 {main}
CRITICAL - 2023-07-12 19:37:54 --> Trying to access array offset on value of type null
#0 C:\xampp\htdocs\snbt\app\Views\exercise\selesai-review.php(95): CodeIgniter\Debug\Exceptions->errorHandler(2, 'Trying to acces...', 'C:\\xampp\\htdocs...', 95)
#1 C:\xampp\htdocs\snbt\system\View\View.php(210): include('C:\\xampp\\htdocs...')
#2 C:\xampp\htdocs\snbt\system\View\View.php(213): CodeIgniter\View\View->CodeIgniter\View\{closure}()
#3 C:\xampp\htdocs\snbt\system\Common.php(1089): CodeIgniter\View\View->render('exercise/selesa...', Array, true)
#4 C:\xampp\htdocs\snbt\app\Controllers\Exercise.php(203): view('exercise/selesa...')
#5 C:\xampp\htdocs\snbt\system\CodeIgniter.php(832): App\Controllers\Exercise->review()
#6 C:\xampp\htdocs\snbt\system\CodeIgniter.php(419): CodeIgniter\CodeIgniter->runController(Object(App\Controllers\Exercise))
#7 C:\xampp\htdocs\snbt\system\CodeIgniter.php(326): CodeIgniter\CodeIgniter->handleRequest(NULL, Object(Config\Cache), false)
#8 C:\xampp\htdocs\snbt\public\index.php(37): CodeIgniter\CodeIgniter->run()
#9 C:\xampp\htdocs\snbt\system\Commands\Server\rewrite.php(43): require_once('C:\\xampp\\htdocs...')
#10 {main}
ERROR - 2023-07-12 22:53:01 --> You have an error in your SQL syntax; check the manual that corresponds to your MariaDB server version for the right syntax to use near 'INNER JOIN jawaban j ON s.id = j.soal_id' at line 1
CRITICAL - 2023-07-12 22:53:01 --> You have an error in your SQL syntax; check the manual that corresponds to your MariaDB server version for the right syntax to use near 'INNER JOIN jawaban j ON s.id = j.soal_id' at line 1
#0 C:\xampp\htdocs\snbt\system\Database\MySQLi\Connection.php(292): mysqli->query('SELECT * FROM s...', 0)
#1 C:\xampp\htdocs\snbt\system\Database\BaseConnection.php(670): CodeIgniter\Database\MySQLi\Connection->execute('SELECT * FROM s...')
#2 C:\xampp\htdocs\snbt\system\Database\BaseConnection.php(598): CodeIgniter\Database\BaseConnection->simpleQuery('SELECT * FROM s...')
#3 C:\xampp\htdocs\snbt\app\Views\exercise\selesai-review.php(91): CodeIgniter\Database\BaseConnection->query('SELECT * FROM s...')
#4 C:\xampp\htdocs\snbt\system\View\View.php(210): include('C:\\xampp\\htdocs...')
#5 C:\xampp\htdocs\snbt\system\View\View.php(213): CodeIgniter\View\View->CodeIgniter\View\{closure}()
#6 C:\xampp\htdocs\snbt\system\Common.php(1089): CodeIgniter\View\View->render('exercise/selesa...', Array, true)
#7 C:\xampp\htdocs\snbt\app\Controllers\Exercise.php(203): view('exercise/selesa...')
#8 C:\xampp\htdocs\snbt\system\CodeIgniter.php(832): App\Controllers\Exercise->review()
#9 C:\xampp\htdocs\snbt\system\CodeIgniter.php(419): CodeIgniter\CodeIgniter->runController(Object(App\Controllers\Exercise))
#10 C:\xampp\htdocs\snbt\system\CodeIgniter.php(326): CodeIgniter\CodeIgniter->handleRequest(NULL, Object(Config\Cache), false)
#11 C:\xampp\htdocs\snbt\public\index.php(37): CodeIgniter\CodeIgniter->run()
#12 C:\xampp\htdocs\snbt\system\Commands\Server\rewrite.php(43): require_once('C:\\xampp\\htdocs...')
#13 {main}
CRITICAL - 2023-07-12 23:11:16 --> syntax error, unexpected token "<"
#0 C:\xampp\htdocs\snbt\system\View\View.php(213): CodeIgniter\View\View->CodeIgniter\View\{closure}()
#1 C:\xampp\htdocs\snbt\system\Common.php(1089): CodeIgniter\View\View->render('exercise/selesa...', Array, true)
#2 C:\xampp\htdocs\snbt\app\Controllers\Exercise.php(203): view('exercise/selesa...')
#3 C:\xampp\htdocs\snbt\system\CodeIgniter.php(832): App\Controllers\Exercise->review()
#4 C:\xampp\htdocs\snbt\system\CodeIgniter.php(419): CodeIgniter\CodeIgniter->runController(Object(App\Controllers\Exercise))
#5 C:\xampp\htdocs\snbt\system\CodeIgniter.php(326): CodeIgniter\CodeIgniter->handleRequest(NULL, Object(Config\Cache), false)
#6 C:\xampp\htdocs\snbt\public\index.php(37): CodeIgniter\CodeIgniter->run()
#7 C:\xampp\htdocs\snbt\system\Commands\Server\rewrite.php(43): require_once('C:\\xampp\\htdocs...')
#8 {main}
CRITICAL - 2023-07-12 23:13:19 --> Undefined variable $noID
#0 C:\xampp\htdocs\snbt\app\Views\exercise\selesai-review.php(107): CodeIgniter\Debug\Exceptions->errorHandler(2, 'Undefined varia...', 'C:\\xampp\\htdocs...', 107)
#1 C:\xampp\htdocs\snbt\system\View\View.php(210): include('C:\\xampp\\htdocs...')
#2 C:\xampp\htdocs\snbt\system\View\View.php(213): CodeIgniter\View\View->CodeIgniter\View\{closure}()
#3 C:\xampp\htdocs\snbt\system\Common.php(1089): CodeIgniter\View\View->render('exercise/selesa...', Array, true)
#4 C:\xampp\htdocs\snbt\app\Controllers\Exercise.php(203): view('exercise/selesa...')
#5 C:\xampp\htdocs\snbt\system\CodeIgniter.php(832): App\Controllers\Exercise->review()
#6 C:\xampp\htdocs\snbt\system\CodeIgniter.php(419): CodeIgniter\CodeIgniter->runController(Object(App\Controllers\Exercise))
#7 C:\xampp\htdocs\snbt\system\CodeIgniter.php(326): CodeIgniter\CodeIgniter->handleRequest(NULL, Object(Config\Cache), false)
#8 C:\xampp\htdocs\snbt\public\index.php(37): CodeIgniter\CodeIgniter->run()
#9 C:\xampp\htdocs\snbt\system\Commands\Server\rewrite.php(43): require_once('C:\\xampp\\htdocs...')
#10 {main}
CRITICAL - 2023-07-12 23:15:10 --> Undefined variable $noID
#0 C:\xampp\htdocs\snbt\app\Views\exercise\selesai-review.php(108): CodeIgniter\Debug\Exceptions->errorHandler(2, 'Undefined varia...', 'C:\\xampp\\htdocs...', 108)
#1 C:\xampp\htdocs\snbt\system\View\View.php(210): include('C:\\xampp\\htdocs...')
#2 C:\xampp\htdocs\snbt\system\View\View.php(213): CodeIgniter\View\View->CodeIgniter\View\{closure}()
#3 C:\xampp\htdocs\snbt\system\Common.php(1089): CodeIgniter\View\View->render('exercise/selesa...', Array, true)
#4 C:\xampp\htdocs\snbt\app\Controllers\Exercise.php(203): view('exercise/selesa...')
#5 C:\xampp\htdocs\snbt\system\CodeIgniter.php(832): App\Controllers\Exercise->review()
#6 C:\xampp\htdocs\snbt\system\CodeIgniter.php(419): CodeIgniter\CodeIgniter->runController(Object(App\Controllers\Exercise))
#7 C:\xampp\htdocs\snbt\system\CodeIgniter.php(326): CodeIgniter\CodeIgniter->handleRequest(NULL, Object(Config\Cache), false)
#8 C:\xampp\htdocs\snbt\public\index.php(37): CodeIgniter\CodeIgniter->run()
#9 C:\xampp\htdocs\snbt\system\Commands\Server\rewrite.php(43): require_once('C:\\xampp\\htdocs...')
#10 {main}
CRITICAL - 2023-07-12 21:43:35 --> preg_match(): Compilation failed: unmatched closing parenthesis at offset 7
#0 [internal function]: CodeIgniter\Debug\Exceptions->errorHandler(2, 'preg_match(): C...', 'C:\\xampp\\htdocs...', 384)
#1 C:\xampp\htdocs\snbt\system\Router\Router.php(384): preg_match('#^review)$#u', 'review', Array)
#2 C:\xampp\htdocs\snbt\system\Router\Router.php(154): CodeIgniter\Router\Router->checkRoutes('review')
#3 C:\xampp\htdocs\snbt\system\CodeIgniter.php(726): CodeIgniter\Router\Router->handle('review')
#4 C:\xampp\htdocs\snbt\system\CodeIgniter.php(368): CodeIgniter\CodeIgniter->tryToRouteIt(Object(CodeIgniter\Router\RouteCollection))
#5 C:\xampp\htdocs\snbt\system\CodeIgniter.php(326): CodeIgniter\CodeIgniter->handleRequest(NULL, Object(Config\Cache), false)
#6 C:\xampp\htdocs\snbt\public\index.php(37): CodeIgniter\CodeIgniter->run()
#7 C:\xampp\htdocs\snbt\system\Commands\Server\rewrite.php(43): require_once('C:\\xampp\\htdocs...')
#8 {main}
CRITICAL - 2023-07-12 21:47:36 --> preg_match(): Compilation failed: unmatched closing parenthesis at offset 7
#0 [internal function]: CodeIgniter\Debug\Exceptions->errorHandler(2, 'preg_match(): C...', 'C:\\xampp\\htdocs...', 384)
#1 C:\xampp\htdocs\snbt\system\Router\Router.php(384): preg_match('#^review)$#u', 'review', Array)
#2 C:\xampp\htdocs\snbt\system\Router\Router.php(154): CodeIgniter\Router\Router->checkRoutes('review')
#3 C:\xampp\htdocs\snbt\system\CodeIgniter.php(726): CodeIgniter\Router\Router->handle('review')
#4 C:\xampp\htdocs\snbt\system\CodeIgniter.php(368): CodeIgniter\CodeIgniter->tryToRouteIt(Object(CodeIgniter\Router\RouteCollection))
#5 C:\xampp\htdocs\snbt\system\CodeIgniter.php(326): CodeIgniter\CodeIgniter->handleRequest(NULL, Object(Config\Cache), false)
#6 C:\xampp\htdocs\snbt\public\index.php(37): CodeIgniter\CodeIgniter->run()
#7 C:\xampp\htdocs\snbt\system\Commands\Server\rewrite.php(43): require_once('C:\\xampp\\htdocs...')
#8 {main}
CRITICAL - 2023-07-12 21:48:53 --> preg_match(): Compilation failed: unmatched closing parenthesis at offset 7
#0 [internal function]: CodeIgniter\Debug\Exceptions->errorHandler(2, 'preg_match(): C...', 'C:\\xampp\\htdocs...', 384)
#1 C:\xampp\htdocs\snbt\system\Router\Router.php(384): preg_match('#^review)$#u', 'review', Array)
#2 C:\xampp\htdocs\snbt\system\Router\Router.php(154): CodeIgniter\Router\Router->checkRoutes('review')
#3 C:\xampp\htdocs\snbt\system\CodeIgniter.php(726): CodeIgniter\Router\Router->handle('review')
#4 C:\xampp\htdocs\snbt\system\CodeIgniter.php(368): CodeIgniter\CodeIgniter->tryToRouteIt(Object(CodeIgniter\Router\RouteCollection))
#5 C:\xampp\htdocs\snbt\system\CodeIgniter.php(326): CodeIgniter\CodeIgniter->handleRequest(NULL, Object(Config\Cache), false)
#6 C:\xampp\htdocs\snbt\public\index.php(37): CodeIgniter\CodeIgniter->run()
#7 C:\xampp\htdocs\snbt\system\Commands\Server\rewrite.php(43): require_once('C:\\xampp\\htdocs...')
#8 {main}
CRITICAL - 2023-07-12 21:49:06 --> preg_match(): Compilation failed: unmatched closing parenthesis at offset 7
#0 [internal function]: CodeIgniter\Debug\Exceptions->errorHandler(2, 'preg_match(): C...', 'C:\\xampp\\htdocs...', 384)
#1 C:\xampp\htdocs\snbt\system\Router\Router.php(384): preg_match('#^review)$#u', 'review/1', Array)
#2 C:\xampp\htdocs\snbt\system\Router\Router.php(154): CodeIgniter\Router\Router->checkRoutes('review/1')
#3 C:\xampp\htdocs\snbt\system\CodeIgniter.php(726): CodeIgniter\Router\Router->handle('review/1')
#4 C:\xampp\htdocs\snbt\system\CodeIgniter.php(368): CodeIgniter\CodeIgniter->tryToRouteIt(Object(CodeIgniter\Router\RouteCollection))
#5 C:\xampp\htdocs\snbt\system\CodeIgniter.php(326): CodeIgniter\CodeIgniter->handleRequest(NULL, Object(Config\Cache), false)
#6 C:\xampp\htdocs\snbt\public\index.php(37): CodeIgniter\CodeIgniter->run()
#7 C:\xampp\htdocs\snbt\system\Commands\Server\rewrite.php(43): require_once('C:\\xampp\\htdocs...')
#8 {main}
