CRITICAL - 2023-10-08 05:29:00 --> Undefined variable $soal
#0 C:\xampp\htdocs\snbt\app\Views\Form\daftar.php(26): CodeIgniter\Debug\Exceptions->errorHandler(2, 'Undefined varia...', 'C:\\xampp\\htdocs...', 26)
#1 C:\xampp\htdocs\snbt\system\View\View.php(210): include('C:\\xampp\\htdocs...')
#2 C:\xampp\htdocs\snbt\system\View\View.php(213): CodeIgniter\View\View->CodeIgniter\View\{closure}()
#3 C:\xampp\htdocs\snbt\system\Common.php(1089): CodeIgniter\View\View->render('form/daftar', Array, true)
#4 C:\xampp\htdocs\snbt\app\Controllers\Admin.php(196): view('form/daftar', Array)
#5 C:\xampp\htdocs\snbt\system\CodeIgniter.php(832): App\Controllers\Admin->daftar()
#6 C:\xampp\htdocs\snbt\system\CodeIgniter.php(419): CodeIgniter\CodeIgniter->runController(Object(App\Controllers\Admin))
#7 C:\xampp\htdocs\snbt\system\CodeIgniter.php(326): CodeIgniter\CodeIgniter->handleRequest(NULL, Object(Config\Cache), false)
#8 C:\xampp\htdocs\snbt\public\index.php(37): CodeIgniter\CodeIgniter->run()
#9 C:\xampp\htdocs\snbt\system\Commands\Server\rewrite.php(43): require_once('C:\\xampp\\htdocs...')
#10 {main}
CRITICAL - 2023-10-08 05:36:56 --> Undefined variable $currentPage
#0 C:\xampp\htdocs\snbt\app\Views\Form\daftar.php(46): CodeIgniter\Debug\Exceptions->errorHandler(2, 'Undefined varia...', 'C:\\xampp\\htdocs...', 46)
#1 C:\xampp\htdocs\snbt\system\View\View.php(210): include('C:\\xampp\\htdocs...')
#2 C:\xampp\htdocs\snbt\system\View\View.php(213): CodeIgniter\View\View->CodeIgniter\View\{closure}()
#3 C:\xampp\htdocs\snbt\system\Common.php(1089): CodeIgniter\View\View->render('form/daftar', Array, true)
#4 C:\xampp\htdocs\snbt\app\Controllers\Admin.php(196): view('form/daftar', Array)
#5 C:\xampp\htdocs\snbt\system\CodeIgniter.php(832): App\Controllers\Admin->daftar()
#6 C:\xampp\htdocs\snbt\system\CodeIgniter.php(419): CodeIgniter\CodeIgniter->runController(Object(App\Controllers\Admin))
#7 C:\xampp\htdocs\snbt\system\CodeIgniter.php(326): CodeIgniter\CodeIgniter->handleRequest(NULL, Object(Config\Cache), false)
#8 C:\xampp\htdocs\snbt\public\index.php(37): CodeIgniter\CodeIgniter->run()
#9 C:\xampp\htdocs\snbt\system\Commands\Server\rewrite.php(43): require_once('C:\\xampp\\htdocs...')
#10 {main}
CRITICAL - 2023-10-08 05:40:12 --> Undefined variable $user
#0 C:\xampp\htdocs\snbt\app\Views\Form\daftar.php(26): CodeIgniter\Debug\Exceptions->errorHandler(2, 'Undefined varia...', 'C:\\xampp\\htdocs...', 26)
#1 C:\xampp\htdocs\snbt\system\View\View.php(210): include('C:\\xampp\\htdocs...')
#2 C:\xampp\htdocs\snbt\system\View\View.php(213): CodeIgniter\View\View->CodeIgniter\View\{closure}()
#3 C:\xampp\htdocs\snbt\system\Common.php(1089): CodeIgniter\View\View->render('form/daftar', Array, true)
#4 C:\xampp\htdocs\snbt\app\Controllers\Admin.php(196): view('form/daftar', Array)
#5 C:\xampp\htdocs\snbt\system\CodeIgniter.php(832): App\Controllers\Admin->daftar()
#6 C:\xampp\htdocs\snbt\system\CodeIgniter.php(419): CodeIgniter\CodeIgniter->runController(Object(App\Controllers\Admin))
#7 C:\xampp\htdocs\snbt\system\CodeIgniter.php(326): CodeIgniter\CodeIgniter->handleRequest(NULL, Object(Config\Cache), false)
#8 C:\xampp\htdocs\snbt\public\index.php(37): CodeIgniter\CodeIgniter->run()
#9 C:\xampp\htdocs\snbt\system\Commands\Server\rewrite.php(43): require_once('C:\\xampp\\htdocs...')
#10 {main}
CRITICAL - 2023-10-08 05:47:12 --> Undefined variable $url
#0 C:\xampp\htdocs\snbt\app\Views\Form\daftar.php(26): CodeIgniter\Debug\Exceptions->errorHandler(2, 'Undefined varia...', 'C:\\xampp\\htdocs...', 26)
#1 C:\xampp\htdocs\snbt\system\View\View.php(210): include('C:\\xampp\\htdocs...')
#2 C:\xampp\htdocs\snbt\system\View\View.php(213): CodeIgniter\View\View->CodeIgniter\View\{closure}()
#3 C:\xampp\htdocs\snbt\system\Common.php(1089): CodeIgniter\View\View->render('form/daftar', Array, true)
#4 C:\xampp\htdocs\snbt\app\Controllers\Admin.php(196): view('form/daftar', Array)
#5 C:\xampp\htdocs\snbt\system\CodeIgniter.php(832): App\Controllers\Admin->daftar()
#6 C:\xampp\htdocs\snbt\system\CodeIgniter.php(419): CodeIgniter\CodeIgniter->runController(Object(App\Controllers\Admin))
#7 C:\xampp\htdocs\snbt\system\CodeIgniter.php(326): CodeIgniter\CodeIgniter->handleRequest(NULL, Object(Config\Cache), false)
#8 C:\xampp\htdocs\snbt\public\index.php(37): CodeIgniter\CodeIgniter->run()
#9 C:\xampp\htdocs\snbt\system\Commands\Server\rewrite.php(43): require_once('C:\\xampp\\htdocs...')
#10 {main}
CRITICAL - 2023-10-08 05:53:38 --> Undefined variable $url
#0 C:\xampp\htdocs\snbt\app\Views\Form\daftar.php(106): CodeIgniter\Debug\Exceptions->errorHandler(2, 'Undefined varia...', 'C:\\xampp\\htdocs...', 106)
#1 C:\xampp\htdocs\snbt\system\View\View.php(210): include('C:\\xampp\\htdocs...')
#2 C:\xampp\htdocs\snbt\system\View\View.php(213): CodeIgniter\View\View->CodeIgniter\View\{closure}()
#3 C:\xampp\htdocs\snbt\system\Common.php(1089): CodeIgniter\View\View->render('form/daftar', Array, true)
#4 C:\xampp\htdocs\snbt\app\Controllers\Admin.php(196): view('form/daftar', Array)
#5 C:\xampp\htdocs\snbt\system\CodeIgniter.php(832): App\Controllers\Admin->daftar()
#6 C:\xampp\htdocs\snbt\system\CodeIgniter.php(419): CodeIgniter\CodeIgniter->runController(Object(App\Controllers\Admin))
#7 C:\xampp\htdocs\snbt\system\CodeIgniter.php(326): CodeIgniter\CodeIgniter->handleRequest(NULL, Object(Config\Cache), false)
#8 C:\xampp\htdocs\snbt\public\index.php(37): CodeIgniter\CodeIgniter->run()
#9 C:\xampp\htdocs\snbt\system\Commands\Server\rewrite.php(43): require_once('C:\\xampp\\htdocs...')
#10 {main}
CRITICAL - 2023-10-08 05:55:59 --> Undefined variable $url
#0 C:\xampp\htdocs\snbt\app\Views\template\form-user.php(57): CodeIgniter\Debug\Exceptions->errorHandler(2, 'Undefined varia...', 'C:\\xampp\\htdocs...', 57)
#1 C:\xampp\htdocs\snbt\system\View\View.php(210): include('C:\\xampp\\htdocs...')
#2 C:\xampp\htdocs\snbt\system\View\View.php(213): CodeIgniter\View\View->CodeIgniter\View\{closure}()
#3 C:\xampp\htdocs\snbt\system\View\View.php(226): CodeIgniter\View\View->render('template/form-u...', Array, true)
#4 C:\xampp\htdocs\snbt\system\Common.php(1089): CodeIgniter\View\View->render('form/daftar', Array, true)
#5 C:\xampp\htdocs\snbt\app\Controllers\Admin.php(196): view('form/daftar', Array)
#6 C:\xampp\htdocs\snbt\system\CodeIgniter.php(832): App\Controllers\Admin->daftar()
#7 C:\xampp\htdocs\snbt\system\CodeIgniter.php(419): CodeIgniter\CodeIgniter->runController(Object(App\Controllers\Admin))
#8 C:\xampp\htdocs\snbt\system\CodeIgniter.php(326): CodeIgniter\CodeIgniter->handleRequest(NULL, Object(Config\Cache), false)
#9 C:\xampp\htdocs\snbt\public\index.php(37): CodeIgniter\CodeIgniter->run()
#10 C:\xampp\htdocs\snbt\system\Commands\Server\rewrite.php(43): require_once('C:\\xampp\\htdocs...')
#11 {main}
CRITICAL - 2023-10-08 05:57:55 --> Undefined variable $chartValueData
#0 C:\xampp\htdocs\snbt\app\Views\template\dashboard-admin.php(23): CodeIgniter\Debug\Exceptions->errorHandler(2, 'Undefined varia...', 'C:\\xampp\\htdocs...', 23)
#1 C:\xampp\htdocs\snbt\system\View\View.php(210): include('C:\\xampp\\htdocs...')
#2 C:\xampp\htdocs\snbt\system\View\View.php(213): CodeIgniter\View\View->CodeIgniter\View\{closure}()
#3 C:\xampp\htdocs\snbt\system\View\View.php(226): CodeIgniter\View\View->render('template/dashbo...', Array, true)
#4 C:\xampp\htdocs\snbt\system\Common.php(1089): CodeIgniter\View\View->render('form/daftar', Array, true)
#5 C:\xampp\htdocs\snbt\app\Controllers\Admin.php(196): view('form/daftar', Array)
#6 C:\xampp\htdocs\snbt\system\CodeIgniter.php(832): App\Controllers\Admin->daftar()
#7 C:\xampp\htdocs\snbt\system\CodeIgniter.php(419): CodeIgniter\CodeIgniter->runController(Object(App\Controllers\Admin))
#8 C:\xampp\htdocs\snbt\system\CodeIgniter.php(326): CodeIgniter\CodeIgniter->handleRequest(NULL, Object(Config\Cache), false)
#9 C:\xampp\htdocs\snbt\public\index.php(37): CodeIgniter\CodeIgniter->run()
#10 C:\xampp\htdocs\snbt\system\Commands\Server\rewrite.php(43): require_once('C:\\xampp\\htdocs...')
#11 {main}
CRITICAL - 2023-10-08 05:59:57 --> Undefined variable $url
#0 C:\xampp\htdocs\snbt\app\Views\template\edit-user.php(57): CodeIgniter\Debug\Exceptions->errorHandler(2, 'Undefined varia...', 'C:\\xampp\\htdocs...', 57)
#1 C:\xampp\htdocs\snbt\system\View\View.php(210): include('C:\\xampp\\htdocs...')
#2 C:\xampp\htdocs\snbt\system\View\View.php(213): CodeIgniter\View\View->CodeIgniter\View\{closure}()
#3 C:\xampp\htdocs\snbt\system\View\View.php(226): CodeIgniter\View\View->render('template/edit-u...', Array, true)
#4 C:\xampp\htdocs\snbt\system\Common.php(1089): CodeIgniter\View\View->render('form/daftar', Array, true)
#5 C:\xampp\htdocs\snbt\app\Controllers\Admin.php(196): view('form/daftar', Array)
#6 C:\xampp\htdocs\snbt\system\CodeIgniter.php(832): App\Controllers\Admin->daftar()
#7 C:\xampp\htdocs\snbt\system\CodeIgniter.php(419): CodeIgniter\CodeIgniter->runController(Object(App\Controllers\Admin))
#8 C:\xampp\htdocs\snbt\system\CodeIgniter.php(326): CodeIgniter\CodeIgniter->handleRequest(NULL, Object(Config\Cache), false)
#9 C:\xampp\htdocs\snbt\public\index.php(37): CodeIgniter\CodeIgniter->run()
#10 C:\xampp\htdocs\snbt\system\Commands\Server\rewrite.php(43): require_once('C:\\xampp\\htdocs...')
#11 {main}
CRITICAL - 2023-10-08 06:15:51 --> Undefined variable $url
#0 C:\xampp\htdocs\snbt\app\Views\Form\daftar.php(23): CodeIgniter\Debug\Exceptions->errorHandler(2, 'Undefined varia...', 'C:\\xampp\\htdocs...', 23)
#1 C:\xampp\htdocs\snbt\system\View\View.php(210): include('C:\\xampp\\htdocs...')
#2 C:\xampp\htdocs\snbt\system\View\View.php(213): CodeIgniter\View\View->CodeIgniter\View\{closure}()
#3 C:\xampp\htdocs\snbt\system\Common.php(1089): CodeIgniter\View\View->render('form/daftar', Array, true)
#4 C:\xampp\htdocs\snbt\app\Controllers\Admin.php(196): view('form/daftar', Array)
#5 C:\xampp\htdocs\snbt\system\CodeIgniter.php(832): App\Controllers\Admin->daftar()
#6 C:\xampp\htdocs\snbt\system\CodeIgniter.php(419): CodeIgniter\CodeIgniter->runController(Object(App\Controllers\Admin))
#7 C:\xampp\htdocs\snbt\system\CodeIgniter.php(326): CodeIgniter\CodeIgniter->handleRequest(NULL, Object(Config\Cache), false)
#8 C:\xampp\htdocs\snbt\public\index.php(37): CodeIgniter\CodeIgniter->run()
#9 C:\xampp\htdocs\snbt\system\Commands\Server\rewrite.php(43): require_once('C:\\xampp\\htdocs...')
#10 {main}
CRITICAL - 2023-10-08 06:16:53 --> Undefined variable $url
#0 C:\xampp\htdocs\snbt\app\Views\Form\daftar.php(103): CodeIgniter\Debug\Exceptions->errorHandler(2, 'Undefined varia...', 'C:\\xampp\\htdocs...', 103)
#1 C:\xampp\htdocs\snbt\system\View\View.php(210): include('C:\\xampp\\htdocs...')
#2 C:\xampp\htdocs\snbt\system\View\View.php(213): CodeIgniter\View\View->CodeIgniter\View\{closure}()
#3 C:\xampp\htdocs\snbt\system\Common.php(1089): CodeIgniter\View\View->render('form/daftar', Array, true)
#4 C:\xampp\htdocs\snbt\app\Controllers\Admin.php(196): view('form/daftar', Array)
#5 C:\xampp\htdocs\snbt\system\CodeIgniter.php(832): App\Controllers\Admin->daftar()
#6 C:\xampp\htdocs\snbt\system\CodeIgniter.php(419): CodeIgniter\CodeIgniter->runController(Object(App\Controllers\Admin))
#7 C:\xampp\htdocs\snbt\system\CodeIgniter.php(326): CodeIgniter\CodeIgniter->handleRequest(NULL, Object(Config\Cache), false)
#8 C:\xampp\htdocs\snbt\public\index.php(37): CodeIgniter\CodeIgniter->run()
#9 C:\xampp\htdocs\snbt\system\Commands\Server\rewrite.php(43): require_once('C:\\xampp\\htdocs...')
#10 {main}
