ERROR - 2023-08-11 13:54:27 --> Error connecting to the database: No connection could be made because the target machine actively refused it
CRITICAL - 2023-08-11 13:54:27 --> Unable to connect to the database.
Main connection [MySQLi]: No connection could be made because the target machine actively refused it
#0 C:\xampp\htdocs\snbt\system\Database\BaseConnection.php(577): CodeIgniter\Database\BaseConnection->initialize()
#1 C:\xampp\htdocs\snbt\system\Database\BaseBuilder.php(1455): CodeIgniter\Database\BaseConnection->query('SELECT *\nFROM `...', Array, false)
#2 C:\xampp\htdocs\snbt\system\Model.php(183): CodeIgniter\Database\BaseBuilder->get()
#3 C:\xampp\htdocs\snbt\system\BaseModel.php(584): CodeIgniter\Model->doFindAll(0, 0)
#4 C:\xampp\htdocs\snbt\app\Models\LoginMDL.php(43): CodeIgniter\BaseModel->findAll()
#5 C:\xampp\htdocs\snbt\app\Controllers\Admin.php(170): App\Models\LoginMDL->statusLogin('admin', 'admin')
#6 C:\xampp\htdocs\snbt\system\CodeIgniter.php(832): App\Controllers\Admin->login()
#7 C:\xampp\htdocs\snbt\system\CodeIgniter.php(419): CodeIgniter\CodeIgniter->runController(Object(App\Controllers\Admin))
#8 C:\xampp\htdocs\snbt\system\CodeIgniter.php(326): CodeIgniter\CodeIgniter->handleRequest(NULL, Object(Config\Cache), false)
#9 C:\xampp\htdocs\snbt\public\index.php(37): CodeIgniter\CodeIgniter->run()
#10 C:\xampp\htdocs\snbt\system\Commands\Server\rewrite.php(43): require_once('C:\\xampp\\htdocs...')
#11 {main}
ERROR - 2023-08-11 13:54:32 --> Error connecting to the database: No connection could be made because the target machine actively refused it
CRITICAL - 2023-08-11 13:54:32 --> Unable to connect to the database.
Main connection [MySQLi]: No connection could be made because the target machine actively refused it
#0 C:\xampp\htdocs\snbt\system\Database\BaseConnection.php(577): CodeIgniter\Database\BaseConnection->initialize()
#1 C:\xampp\htdocs\snbt\system\Database\BaseBuilder.php(1455): CodeIgniter\Database\BaseConnection->query('SELECT *\nFROM `...', Array, false)
#2 C:\xampp\htdocs\snbt\system\Model.php(183): CodeIgniter\Database\BaseBuilder->get()
#3 C:\xampp\htdocs\snbt\system\BaseModel.php(584): CodeIgniter\Model->doFindAll(0, 0)
#4 C:\xampp\htdocs\snbt\app\Models\LoginMDL.php(43): CodeIgniter\BaseModel->findAll()
#5 C:\xampp\htdocs\snbt\app\Controllers\Admin.php(170): App\Models\LoginMDL->statusLogin('admin', 'admin')
#6 C:\xampp\htdocs\snbt\system\CodeIgniter.php(832): App\Controllers\Admin->login()
#7 C:\xampp\htdocs\snbt\system\CodeIgniter.php(419): CodeIgniter\CodeIgniter->runController(Object(App\Controllers\Admin))
#8 C:\xampp\htdocs\snbt\system\CodeIgniter.php(326): CodeIgniter\CodeIgniter->handleRequest(NULL, Object(Config\Cache), false)
#9 C:\xampp\htdocs\snbt\public\index.php(37): CodeIgniter\CodeIgniter->run()
#10 C:\xampp\htdocs\snbt\system\Commands\Server\rewrite.php(43): require_once('C:\\xampp\\htdocs...')
#11 {main}
CRITICAL - 2023-08-11 03:42:07 --> syntax error, unexpected token "return"
#0 C:\xampp\htdocs\snbt\system\Autoloader\Autoloader.php(241): CodeIgniter\Autoloader\Autoloader->includeFile('C:\\xampp\\htdocs...')
#1 C:\xampp\htdocs\snbt\system\Autoloader\Autoloader.php(219): CodeIgniter\Autoloader\Autoloader->loadInNamespace('App\\Controllers...')
#2 [internal function]: CodeIgniter\Autoloader\Autoloader->loadClass('App\\Controllers...')
#3 C:\xampp\htdocs\snbt\system\CodeIgniter.php(797): class_exists('\\App\\Controller...', true)
#4 C:\xampp\htdocs\snbt\system\CodeIgniter.php(406): CodeIgniter\CodeIgniter->startController()
#5 C:\xampp\htdocs\snbt\system\CodeIgniter.php(326): CodeIgniter\CodeIgniter->handleRequest(NULL, Object(Config\Cache), false)
#6 C:\xampp\htdocs\snbt\public\index.php(37): CodeIgniter\CodeIgniter->run()
#7 C:\xampp\htdocs\snbt\system\Commands\Server\rewrite.php(43): require_once('C:\\xampp\\htdocs...')
#8 {main}
CRITICAL - 2023-08-11 03:57:46 --> syntax error, unexpected token ";", expecting ")"
#0 C:\xampp\htdocs\snbt\system\Autoloader\Autoloader.php(241): CodeIgniter\Autoloader\Autoloader->includeFile('C:\\xampp\\htdocs...')
#1 C:\xampp\htdocs\snbt\system\Autoloader\Autoloader.php(219): CodeIgniter\Autoloader\Autoloader->loadInNamespace('App\\Controllers...')
#2 [internal function]: CodeIgniter\Autoloader\Autoloader->loadClass('App\\Controllers...')
#3 C:\xampp\htdocs\snbt\system\CodeIgniter.php(797): class_exists('\\App\\Controller...', true)
#4 C:\xampp\htdocs\snbt\system\CodeIgniter.php(406): CodeIgniter\CodeIgniter->startController()
#5 C:\xampp\htdocs\snbt\system\CodeIgniter.php(326): CodeIgniter\CodeIgniter->handleRequest(NULL, Object(Config\Cache), false)
#6 C:\xampp\htdocs\snbt\public\index.php(37): CodeIgniter\CodeIgniter->run()
#7 C:\xampp\htdocs\snbt\system\Commands\Server\rewrite.php(43): require_once('C:\\xampp\\htdocs...')
#8 {main}
CRITICAL - 2023-08-11 16:35:49 --> CodeIgniter\BaseModel::paginate(): Argument #2 ($group) must be of type string, App\Models\SoalMDL given, called in C:\xampp\htdocs\snbt\app\Controllers\Admin.php on line 80
#0 C:\xampp\htdocs\snbt\app\Controllers\Admin.php(80): CodeIgniter\BaseModel->paginate(5, Object(App\Models\SoalMDL))
#1 C:\xampp\htdocs\snbt\system\CodeIgniter.php(832): App\Controllers\Admin->index('soal')
#2 C:\xampp\htdocs\snbt\system\CodeIgniter.php(419): CodeIgniter\CodeIgniter->runController(Object(App\Controllers\Admin))
#3 C:\xampp\htdocs\snbt\system\CodeIgniter.php(326): CodeIgniter\CodeIgniter->handleRequest(NULL, Object(Config\Cache), false)
#4 C:\xampp\htdocs\snbt\public\index.php(37): CodeIgniter\CodeIgniter->run()
#5 C:\xampp\htdocs\snbt\system\Commands\Server\rewrite.php(43): require_once('C:\\xampp\\htdocs...')
#6 {main}
CRITICAL - 2023-08-11 18:00:33 --> CodeIgniter\BaseModel::paginate(): Argument #2 ($group) must be of type string, array given, called in C:\xampp\htdocs\snbt\app\Controllers\Admin.php on line 83
#0 C:\xampp\htdocs\snbt\app\Controllers\Admin.php(83): CodeIgniter\BaseModel->paginate(5, Array)
#1 C:\xampp\htdocs\snbt\system\CodeIgniter.php(832): App\Controllers\Admin->index('soal')
#2 C:\xampp\htdocs\snbt\system\CodeIgniter.php(419): CodeIgniter\CodeIgniter->runController(Object(App\Controllers\Admin))
#3 C:\xampp\htdocs\snbt\system\CodeIgniter.php(326): CodeIgniter\CodeIgniter->handleRequest(NULL, Object(Config\Cache), false)
#4 C:\xampp\htdocs\snbt\public\index.php(37): CodeIgniter\CodeIgniter->run()
#5 C:\xampp\htdocs\snbt\system\Commands\Server\rewrite.php(43): require_once('C:\\xampp\\htdocs...')
#6 {main}
CRITICAL - 2023-08-11 18:02:04 --> Undefined array key "kname"
#0 C:\xampp\htdocs\snbt\app\Views\admin\soal.php(60): CodeIgniter\Debug\Exceptions->errorHandler(2, 'Undefined array...', 'C:\\xampp\\htdocs...', 60)
#1 C:\xampp\htdocs\snbt\system\View\View.php(210): include('C:\\xampp\\htdocs...')
#2 C:\xampp\htdocs\snbt\system\View\View.php(213): CodeIgniter\View\View->CodeIgniter\View\{closure}()
#3 C:\xampp\htdocs\snbt\system\Common.php(1089): CodeIgniter\View\View->render('admin/soal', Array, true)
#4 C:\xampp\htdocs\snbt\app\Controllers\Admin.php(89): view('admin/soal', Array)
#5 C:\xampp\htdocs\snbt\system\CodeIgniter.php(832): App\Controllers\Admin->index('soal')
#6 C:\xampp\htdocs\snbt\system\CodeIgniter.php(419): CodeIgniter\CodeIgniter->runController(Object(App\Controllers\Admin))
#7 C:\xampp\htdocs\snbt\system\CodeIgniter.php(326): CodeIgniter\CodeIgniter->handleRequest(NULL, Object(Config\Cache), false)
#8 C:\xampp\htdocs\snbt\public\index.php(37): CodeIgniter\CodeIgniter->run()
#9 C:\xampp\htdocs\snbt\system\Commands\Server\rewrite.php(43): require_once('C:\\xampp\\htdocs...')
#10 {main}
CRITICAL - 2023-08-11 18:03:59 --> CodeIgniter\BaseModel::paginate(): Argument #2 ($group) must be of type string, array given, called in C:\xampp\htdocs\snbt\app\Controllers\Admin.php on line 83
#0 C:\xampp\htdocs\snbt\app\Controllers\Admin.php(83): CodeIgniter\BaseModel->paginate(5, Array)
#1 C:\xampp\htdocs\snbt\system\CodeIgniter.php(832): App\Controllers\Admin->index('soal')
#2 C:\xampp\htdocs\snbt\system\CodeIgniter.php(419): CodeIgniter\CodeIgniter->runController(Object(App\Controllers\Admin))
#3 C:\xampp\htdocs\snbt\system\CodeIgniter.php(326): CodeIgniter\CodeIgniter->handleRequest(NULL, Object(Config\Cache), false)
#4 C:\xampp\htdocs\snbt\public\index.php(37): CodeIgniter\CodeIgniter->run()
#5 C:\xampp\htdocs\snbt\system\Commands\Server\rewrite.php(43): require_once('C:\\xampp\\htdocs...')
#6 {main}
CRITICAL - 2023-08-11 18:16:51 --> CodeIgniter\Database\BaseBuilder::like(): Argument #2 ($match) must be of type string, null given, called in C:\xampp\htdocs\snbt\system\Model.php on line 728
#0 C:\xampp\htdocs\snbt\system\Model.php(728): CodeIgniter\Database\BaseBuilder->like('kategori_soal_i...', NULL)
#1 C:\xampp\htdocs\snbt\app\Controllers\Admin.php(77): CodeIgniter\Model->__call('like', Array)
#2 C:\xampp\htdocs\snbt\system\CodeIgniter.php(832): App\Controllers\Admin->index('soal')
#3 C:\xampp\htdocs\snbt\system\CodeIgniter.php(419): CodeIgniter\CodeIgniter->runController(Object(App\Controllers\Admin))
#4 C:\xampp\htdocs\snbt\system\CodeIgniter.php(326): CodeIgniter\CodeIgniter->handleRequest(NULL, Object(Config\Cache), false)
#5 C:\xampp\htdocs\snbt\public\index.php(37): CodeIgniter\CodeIgniter->run()
#6 C:\xampp\htdocs\snbt\system\Commands\Server\rewrite.php(43): require_once('C:\\xampp\\htdocs...')
#7 {main}
CRITICAL - 2023-08-11 18:23:36 --> Undefined array key "kname"
#0 C:\xampp\htdocs\snbt\app\Views\admin\soal.php(60): CodeIgniter\Debug\Exceptions->errorHandler(2, 'Undefined array...', 'C:\\xampp\\htdocs...', 60)
#1 C:\xampp\htdocs\snbt\system\View\View.php(210): include('C:\\xampp\\htdocs...')
#2 C:\xampp\htdocs\snbt\system\View\View.php(213): CodeIgniter\View\View->CodeIgniter\View\{closure}()
#3 C:\xampp\htdocs\snbt\system\Common.php(1089): CodeIgniter\View\View->render('admin/soal', Array, true)
#4 C:\xampp\htdocs\snbt\app\Controllers\Admin.php(79): view('admin/soal', Array)
#5 C:\xampp\htdocs\snbt\system\CodeIgniter.php(832): App\Controllers\Admin->index('soal')
#6 C:\xampp\htdocs\snbt\system\CodeIgniter.php(419): CodeIgniter\CodeIgniter->runController(Object(App\Controllers\Admin))
#7 C:\xampp\htdocs\snbt\system\CodeIgniter.php(326): CodeIgniter\CodeIgniter->handleRequest(NULL, Object(Config\Cache), false)
#8 C:\xampp\htdocs\snbt\public\index.php(37): CodeIgniter\CodeIgniter->run()
#9 C:\xampp\htdocs\snbt\system\Commands\Server\rewrite.php(43): require_once('C:\\xampp\\htdocs...')
#10 {main}
CRITICAL - 2023-08-11 18:33:39 --> Undefined array key "kname"
#0 C:\xampp\htdocs\snbt\app\Views\admin\soal.php(60): CodeIgniter\Debug\Exceptions->errorHandler(2, 'Undefined array...', 'C:\\xampp\\htdocs...', 60)
#1 C:\xampp\htdocs\snbt\system\View\View.php(210): include('C:\\xampp\\htdocs...')
#2 C:\xampp\htdocs\snbt\system\View\View.php(213): CodeIgniter\View\View->CodeIgniter\View\{closure}()
#3 C:\xampp\htdocs\snbt\system\Common.php(1089): CodeIgniter\View\View->render('admin/soal', Array, true)
#4 C:\xampp\htdocs\snbt\app\Controllers\Admin.php(79): view('admin/soal', Array)
#5 C:\xampp\htdocs\snbt\system\CodeIgniter.php(832): App\Controllers\Admin->index('soal')
#6 C:\xampp\htdocs\snbt\system\CodeIgniter.php(419): CodeIgniter\CodeIgniter->runController(Object(App\Controllers\Admin))
#7 C:\xampp\htdocs\snbt\system\CodeIgniter.php(326): CodeIgniter\CodeIgniter->handleRequest(NULL, Object(Config\Cache), false)
#8 C:\xampp\htdocs\snbt\public\index.php(37): CodeIgniter\CodeIgniter->run()
#9 C:\xampp\htdocs\snbt\system\Commands\Server\rewrite.php(43): require_once('C:\\xampp\\htdocs...')
#10 {main}
CRITICAL - 2023-08-11 18:35:25 --> Undefined array key "kname"
#0 C:\xampp\htdocs\snbt\app\Views\admin\soal.php(60): CodeIgniter\Debug\Exceptions->errorHandler(2, 'Undefined array...', 'C:\\xampp\\htdocs...', 60)
#1 C:\xampp\htdocs\snbt\system\View\View.php(210): include('C:\\xampp\\htdocs...')
#2 C:\xampp\htdocs\snbt\system\View\View.php(213): CodeIgniter\View\View->CodeIgniter\View\{closure}()
#3 C:\xampp\htdocs\snbt\system\Common.php(1089): CodeIgniter\View\View->render('admin/soal', Array, true)
#4 C:\xampp\htdocs\snbt\app\Controllers\Admin.php(79): view('admin/soal', Array)
#5 C:\xampp\htdocs\snbt\system\CodeIgniter.php(832): App\Controllers\Admin->index('soal')
#6 C:\xampp\htdocs\snbt\system\CodeIgniter.php(419): CodeIgniter\CodeIgniter->runController(Object(App\Controllers\Admin))
#7 C:\xampp\htdocs\snbt\system\CodeIgniter.php(326): CodeIgniter\CodeIgniter->handleRequest(NULL, Object(Config\Cache), false)
#8 C:\xampp\htdocs\snbt\public\index.php(37): CodeIgniter\CodeIgniter->run()
#9 C:\xampp\htdocs\snbt\system\Commands\Server\rewrite.php(43): require_once('C:\\xampp\\htdocs...')
#10 {main}
CRITICAL - 2023-08-11 18:38:05 --> Undefined array key "kname"
#0 C:\xampp\htdocs\snbt\app\Views\admin\soal.php(60): CodeIgniter\Debug\Exceptions->errorHandler(2, 'Undefined array...', 'C:\\xampp\\htdocs...', 60)
#1 C:\xampp\htdocs\snbt\system\View\View.php(210): include('C:\\xampp\\htdocs...')
#2 C:\xampp\htdocs\snbt\system\View\View.php(213): CodeIgniter\View\View->CodeIgniter\View\{closure}()
#3 C:\xampp\htdocs\snbt\system\Common.php(1089): CodeIgniter\View\View->render('admin/soal', Array, true)
#4 C:\xampp\htdocs\snbt\app\Controllers\Admin.php(83): view('admin/soal', Array)
#5 C:\xampp\htdocs\snbt\system\CodeIgniter.php(832): App\Controllers\Admin->index('soal')
#6 C:\xampp\htdocs\snbt\system\CodeIgniter.php(419): CodeIgniter\CodeIgniter->runController(Object(App\Controllers\Admin))
#7 C:\xampp\htdocs\snbt\system\CodeIgniter.php(326): CodeIgniter\CodeIgniter->handleRequest(NULL, Object(Config\Cache), false)
#8 C:\xampp\htdocs\snbt\public\index.php(37): CodeIgniter\CodeIgniter->run()
#9 C:\xampp\htdocs\snbt\system\Commands\Server\rewrite.php(43): require_once('C:\\xampp\\htdocs...')
#10 {main}
CRITICAL - 2023-08-11 18:38:16 --> Undefined array key "kname"
#0 C:\xampp\htdocs\snbt\app\Views\admin\soal.php(60): CodeIgniter\Debug\Exceptions->errorHandler(2, 'Undefined array...', 'C:\\xampp\\htdocs...', 60)
#1 C:\xampp\htdocs\snbt\system\View\View.php(210): include('C:\\xampp\\htdocs...')
#2 C:\xampp\htdocs\snbt\system\View\View.php(213): CodeIgniter\View\View->CodeIgniter\View\{closure}()
#3 C:\xampp\htdocs\snbt\system\Common.php(1089): CodeIgniter\View\View->render('admin/soal', Array, true)
#4 C:\xampp\htdocs\snbt\app\Controllers\Admin.php(83): view('admin/soal', Array)
#5 C:\xampp\htdocs\snbt\system\CodeIgniter.php(832): App\Controllers\Admin->index('soal')
#6 C:\xampp\htdocs\snbt\system\CodeIgniter.php(419): CodeIgniter\CodeIgniter->runController(Object(App\Controllers\Admin))
#7 C:\xampp\htdocs\snbt\system\CodeIgniter.php(326): CodeIgniter\CodeIgniter->handleRequest(NULL, Object(Config\Cache), false)
#8 C:\xampp\htdocs\snbt\public\index.php(37): CodeIgniter\CodeIgniter->run()
#9 C:\xampp\htdocs\snbt\system\Commands\Server\rewrite.php(43): require_once('C:\\xampp\\htdocs...')
#10 {main}
CRITICAL - 2023-08-11 18:40:16 --> Undefined array key "kname"
#0 C:\xampp\htdocs\snbt\app\Views\admin\soal.php(60): CodeIgniter\Debug\Exceptions->errorHandler(2, 'Undefined array...', 'C:\\xampp\\htdocs...', 60)
#1 C:\xampp\htdocs\snbt\system\View\View.php(210): include('C:\\xampp\\htdocs...')
#2 C:\xampp\htdocs\snbt\system\View\View.php(213): CodeIgniter\View\View->CodeIgniter\View\{closure}()
#3 C:\xampp\htdocs\snbt\system\Common.php(1089): CodeIgniter\View\View->render('admin/soal', Array, true)
#4 C:\xampp\htdocs\snbt\app\Controllers\Admin.php(83): view('admin/soal', Array)
#5 C:\xampp\htdocs\snbt\system\CodeIgniter.php(832): App\Controllers\Admin->index('soal')
#6 C:\xampp\htdocs\snbt\system\CodeIgniter.php(419): CodeIgniter\CodeIgniter->runController(Object(App\Controllers\Admin))
#7 C:\xampp\htdocs\snbt\system\CodeIgniter.php(326): CodeIgniter\CodeIgniter->handleRequest(NULL, Object(Config\Cache), false)
#8 C:\xampp\htdocs\snbt\public\index.php(37): CodeIgniter\CodeIgniter->run()
#9 C:\xampp\htdocs\snbt\system\Commands\Server\rewrite.php(43): require_once('C:\\xampp\\htdocs...')
#10 {main}
CRITICAL - 2023-08-11 18:40:23 --> Undefined array key "kname"
#0 C:\xampp\htdocs\snbt\app\Views\admin\soal.php(60): CodeIgniter\Debug\Exceptions->errorHandler(2, 'Undefined array...', 'C:\\xampp\\htdocs...', 60)
#1 C:\xampp\htdocs\snbt\system\View\View.php(210): include('C:\\xampp\\htdocs...')
#2 C:\xampp\htdocs\snbt\system\View\View.php(213): CodeIgniter\View\View->CodeIgniter\View\{closure}()
#3 C:\xampp\htdocs\snbt\system\Common.php(1089): CodeIgniter\View\View->render('admin/soal', Array, true)
#4 C:\xampp\htdocs\snbt\app\Controllers\Admin.php(83): view('admin/soal', Array)
#5 C:\xampp\htdocs\snbt\system\CodeIgniter.php(832): App\Controllers\Admin->index('soal')
#6 C:\xampp\htdocs\snbt\system\CodeIgniter.php(419): CodeIgniter\CodeIgniter->runController(Object(App\Controllers\Admin))
#7 C:\xampp\htdocs\snbt\system\CodeIgniter.php(326): CodeIgniter\CodeIgniter->handleRequest(NULL, Object(Config\Cache), false)
#8 C:\xampp\htdocs\snbt\public\index.php(37): CodeIgniter\CodeIgniter->run()
#9 C:\xampp\htdocs\snbt\system\Commands\Server\rewrite.php(43): require_once('C:\\xampp\\htdocs...')
#10 {main}
CRITICAL - 2023-08-11 18:40:36 --> Undefined array key "kname"
#0 C:\xampp\htdocs\snbt\app\Views\admin\soal.php(60): CodeIgniter\Debug\Exceptions->errorHandler(2, 'Undefined array...', 'C:\\xampp\\htdocs...', 60)
#1 C:\xampp\htdocs\snbt\system\View\View.php(210): include('C:\\xampp\\htdocs...')
#2 C:\xampp\htdocs\snbt\system\View\View.php(213): CodeIgniter\View\View->CodeIgniter\View\{closure}()
#3 C:\xampp\htdocs\snbt\system\Common.php(1089): CodeIgniter\View\View->render('admin/soal', Array, true)
#4 C:\xampp\htdocs\snbt\app\Controllers\Admin.php(83): view('admin/soal', Array)
#5 C:\xampp\htdocs\snbt\system\CodeIgniter.php(832): App\Controllers\Admin->index('soal')
#6 C:\xampp\htdocs\snbt\system\CodeIgniter.php(419): CodeIgniter\CodeIgniter->runController(Object(App\Controllers\Admin))
#7 C:\xampp\htdocs\snbt\system\CodeIgniter.php(326): CodeIgniter\CodeIgniter->handleRequest(NULL, Object(Config\Cache), false)
#8 C:\xampp\htdocs\snbt\public\index.php(37): CodeIgniter\CodeIgniter->run()
#9 C:\xampp\htdocs\snbt\system\Commands\Server\rewrite.php(43): require_once('C:\\xampp\\htdocs...')
#10 {main}
CRITICAL - 2023-08-11 06:42:03 --> syntax error, unexpected token ")"
#0 C:\xampp\htdocs\snbt\system\Autoloader\Autoloader.php(241): CodeIgniter\Autoloader\Autoloader->includeFile('C:\\xampp\\htdocs...')
#1 C:\xampp\htdocs\snbt\system\Autoloader\Autoloader.php(219): CodeIgniter\Autoloader\Autoloader->loadInNamespace('App\\Controllers...')
#2 [internal function]: CodeIgniter\Autoloader\Autoloader->loadClass('App\\Controllers...')
#3 C:\xampp\htdocs\snbt\system\CodeIgniter.php(797): class_exists('\\App\\Controller...', true)
#4 C:\xampp\htdocs\snbt\system\CodeIgniter.php(406): CodeIgniter\CodeIgniter->startController()
#5 C:\xampp\htdocs\snbt\system\CodeIgniter.php(326): CodeIgniter\CodeIgniter->handleRequest(NULL, Object(Config\Cache), false)
#6 C:\xampp\htdocs\snbt\public\index.php(37): CodeIgniter\CodeIgniter->run()
#7 C:\xampp\htdocs\snbt\system\Commands\Server\rewrite.php(43): require_once('C:\\xampp\\htdocs...')
#8 {main}
CRITICAL - 2023-08-11 06:42:09 --> syntax error, unexpected token ")"
#0 C:\xampp\htdocs\snbt\system\Autoloader\Autoloader.php(241): CodeIgniter\Autoloader\Autoloader->includeFile('C:\\xampp\\htdocs...')
#1 C:\xampp\htdocs\snbt\system\Autoloader\Autoloader.php(219): CodeIgniter\Autoloader\Autoloader->loadInNamespace('App\\Controllers...')
#2 [internal function]: CodeIgniter\Autoloader\Autoloader->loadClass('App\\Controllers...')
#3 C:\xampp\htdocs\snbt\system\CodeIgniter.php(797): class_exists('\\App\\Controller...', true)
#4 C:\xampp\htdocs\snbt\system\CodeIgniter.php(406): CodeIgniter\CodeIgniter->startController()
#5 C:\xampp\htdocs\snbt\system\CodeIgniter.php(326): CodeIgniter\CodeIgniter->handleRequest(NULL, Object(Config\Cache), false)
#6 C:\xampp\htdocs\snbt\public\index.php(37): CodeIgniter\CodeIgniter->run()
#7 C:\xampp\htdocs\snbt\system\Commands\Server\rewrite.php(43): require_once('C:\\xampp\\htdocs...')
#8 {main}
CRITICAL - 2023-08-11 06:42:52 --> syntax error, unexpected token ")"
#0 C:\xampp\htdocs\snbt\system\Autoloader\Autoloader.php(241): CodeIgniter\Autoloader\Autoloader->includeFile('C:\\xampp\\htdocs...')
#1 C:\xampp\htdocs\snbt\system\Autoloader\Autoloader.php(219): CodeIgniter\Autoloader\Autoloader->loadInNamespace('App\\Controllers...')
#2 [internal function]: CodeIgniter\Autoloader\Autoloader->loadClass('App\\Controllers...')
#3 C:\xampp\htdocs\snbt\system\CodeIgniter.php(797): class_exists('\\App\\Controller...', true)
#4 C:\xampp\htdocs\snbt\system\CodeIgniter.php(406): CodeIgniter\CodeIgniter->startController()
#5 C:\xampp\htdocs\snbt\system\CodeIgniter.php(326): CodeIgniter\CodeIgniter->handleRequest(NULL, Object(Config\Cache), false)
#6 C:\xampp\htdocs\snbt\public\index.php(37): CodeIgniter\CodeIgniter->run()
#7 C:\xampp\htdocs\snbt\system\Commands\Server\rewrite.php(43): require_once('C:\\xampp\\htdocs...')
#8 {main}
CRITICAL - 2023-08-11 06:42:58 --> syntax error, unexpected token ")"
#0 C:\xampp\htdocs\snbt\system\Autoloader\Autoloader.php(241): CodeIgniter\Autoloader\Autoloader->includeFile('C:\\xampp\\htdocs...')
#1 C:\xampp\htdocs\snbt\system\Autoloader\Autoloader.php(219): CodeIgniter\Autoloader\Autoloader->loadInNamespace('App\\Controllers...')
#2 [internal function]: CodeIgniter\Autoloader\Autoloader->loadClass('App\\Controllers...')
#3 C:\xampp\htdocs\snbt\system\CodeIgniter.php(797): class_exists('\\App\\Controller...', true)
#4 C:\xampp\htdocs\snbt\system\CodeIgniter.php(406): CodeIgniter\CodeIgniter->startController()
#5 C:\xampp\htdocs\snbt\system\CodeIgniter.php(326): CodeIgniter\CodeIgniter->handleRequest(NULL, Object(Config\Cache), false)
#6 C:\xampp\htdocs\snbt\public\index.php(37): CodeIgniter\CodeIgniter->run()
#7 C:\xampp\htdocs\snbt\system\Commands\Server\rewrite.php(43): require_once('C:\\xampp\\htdocs...')
#8 {main}
CRITICAL - 2023-08-11 18:43:38 --> Undefined array key "kname"
#0 C:\xampp\htdocs\snbt\app\Views\admin\soal.php(60): CodeIgniter\Debug\Exceptions->errorHandler(2, 'Undefined array...', 'C:\\xampp\\htdocs...', 60)
#1 C:\xampp\htdocs\snbt\system\View\View.php(210): include('C:\\xampp\\htdocs...')
#2 C:\xampp\htdocs\snbt\system\View\View.php(213): CodeIgniter\View\View->CodeIgniter\View\{closure}()
#3 C:\xampp\htdocs\snbt\system\Common.php(1089): CodeIgniter\View\View->render('admin/soal', Array, true)
#4 C:\xampp\htdocs\snbt\app\Controllers\Admin.php(83): view('admin/soal', Array)
#5 C:\xampp\htdocs\snbt\system\CodeIgniter.php(832): App\Controllers\Admin->index('soal')
#6 C:\xampp\htdocs\snbt\system\CodeIgniter.php(419): CodeIgniter\CodeIgniter->runController(Object(App\Controllers\Admin))
#7 C:\xampp\htdocs\snbt\system\CodeIgniter.php(326): CodeIgniter\CodeIgniter->handleRequest(NULL, Object(Config\Cache), false)
#8 C:\xampp\htdocs\snbt\public\index.php(37): CodeIgniter\CodeIgniter->run()
#9 C:\xampp\htdocs\snbt\system\Commands\Server\rewrite.php(43): require_once('C:\\xampp\\htdocs...')
#10 {main}
CRITICAL - 2023-08-11 18:43:50 --> Undefined array key "kname"
#0 C:\xampp\htdocs\snbt\app\Views\admin\soal.php(60): CodeIgniter\Debug\Exceptions->errorHandler(2, 'Undefined array...', 'C:\\xampp\\htdocs...', 60)
#1 C:\xampp\htdocs\snbt\system\View\View.php(210): include('C:\\xampp\\htdocs...')
#2 C:\xampp\htdocs\snbt\system\View\View.php(213): CodeIgniter\View\View->CodeIgniter\View\{closure}()
#3 C:\xampp\htdocs\snbt\system\Common.php(1089): CodeIgniter\View\View->render('admin/soal', Array, true)
#4 C:\xampp\htdocs\snbt\app\Controllers\Admin.php(83): view('admin/soal', Array)
#5 C:\xampp\htdocs\snbt\system\CodeIgniter.php(832): App\Controllers\Admin->index('soal')
#6 C:\xampp\htdocs\snbt\system\CodeIgniter.php(419): CodeIgniter\CodeIgniter->runController(Object(App\Controllers\Admin))
#7 C:\xampp\htdocs\snbt\system\CodeIgniter.php(326): CodeIgniter\CodeIgniter->handleRequest(NULL, Object(Config\Cache), false)
#8 C:\xampp\htdocs\snbt\public\index.php(37): CodeIgniter\CodeIgniter->run()
#9 C:\xampp\htdocs\snbt\system\Commands\Server\rewrite.php(43): require_once('C:\\xampp\\htdocs...')
#10 {main}
CRITICAL - 2023-08-11 18:46:11 --> Undefined array key "kname"
#0 C:\xampp\htdocs\snbt\app\Views\admin\soal.php(60): CodeIgniter\Debug\Exceptions->errorHandler(2, 'Undefined array...', 'C:\\xampp\\htdocs...', 60)
#1 C:\xampp\htdocs\snbt\system\View\View.php(210): include('C:\\xampp\\htdocs...')
#2 C:\xampp\htdocs\snbt\system\View\View.php(213): CodeIgniter\View\View->CodeIgniter\View\{closure}()
#3 C:\xampp\htdocs\snbt\system\Common.php(1089): CodeIgniter\View\View->render('admin/soal', Array, true)
#4 C:\xampp\htdocs\snbt\app\Controllers\Admin.php(83): view('admin/soal', Array)
#5 C:\xampp\htdocs\snbt\system\CodeIgniter.php(832): App\Controllers\Admin->index('soal')
#6 C:\xampp\htdocs\snbt\system\CodeIgniter.php(419): CodeIgniter\CodeIgniter->runController(Object(App\Controllers\Admin))
#7 C:\xampp\htdocs\snbt\system\CodeIgniter.php(326): CodeIgniter\CodeIgniter->handleRequest(NULL, Object(Config\Cache), false)
#8 C:\xampp\htdocs\snbt\public\index.php(37): CodeIgniter\CodeIgniter->run()
#9 C:\xampp\htdocs\snbt\system\Commands\Server\rewrite.php(43): require_once('C:\\xampp\\htdocs...')
#10 {main}
CRITICAL - 2023-08-11 18:46:27 --> Undefined array key "kname"
#0 C:\xampp\htdocs\snbt\app\Views\admin\soal.php(60): CodeIgniter\Debug\Exceptions->errorHandler(2, 'Undefined array...', 'C:\\xampp\\htdocs...', 60)
#1 C:\xampp\htdocs\snbt\system\View\View.php(210): include('C:\\xampp\\htdocs...')
#2 C:\xampp\htdocs\snbt\system\View\View.php(213): CodeIgniter\View\View->CodeIgniter\View\{closure}()
#3 C:\xampp\htdocs\snbt\system\Common.php(1089): CodeIgniter\View\View->render('admin/soal', Array, true)
#4 C:\xampp\htdocs\snbt\app\Controllers\Admin.php(83): view('admin/soal', Array)
#5 C:\xampp\htdocs\snbt\system\CodeIgniter.php(832): App\Controllers\Admin->index('soal')
#6 C:\xampp\htdocs\snbt\system\CodeIgniter.php(419): CodeIgniter\CodeIgniter->runController(Object(App\Controllers\Admin))
#7 C:\xampp\htdocs\snbt\system\CodeIgniter.php(326): CodeIgniter\CodeIgniter->handleRequest(NULL, Object(Config\Cache), false)
#8 C:\xampp\htdocs\snbt\public\index.php(37): CodeIgniter\CodeIgniter->run()
#9 C:\xampp\htdocs\snbt\system\Commands\Server\rewrite.php(43): require_once('C:\\xampp\\htdocs...')
#10 {main}
CRITICAL - 2023-08-11 18:48:03 --> Undefined array key "kname"
#0 C:\xampp\htdocs\snbt\app\Views\admin\soal.php(60): CodeIgniter\Debug\Exceptions->errorHandler(2, 'Undefined array...', 'C:\\xampp\\htdocs...', 60)
#1 C:\xampp\htdocs\snbt\system\View\View.php(210): include('C:\\xampp\\htdocs...')
#2 C:\xampp\htdocs\snbt\system\View\View.php(213): CodeIgniter\View\View->CodeIgniter\View\{closure}()
#3 C:\xampp\htdocs\snbt\system\Common.php(1089): CodeIgniter\View\View->render('admin/soal', Array, true)
#4 C:\xampp\htdocs\snbt\app\Controllers\Admin.php(83): view('admin/soal', Array)
#5 C:\xampp\htdocs\snbt\system\CodeIgniter.php(832): App\Controllers\Admin->index('soal')
#6 C:\xampp\htdocs\snbt\system\CodeIgniter.php(419): CodeIgniter\CodeIgniter->runController(Object(App\Controllers\Admin))
#7 C:\xampp\htdocs\snbt\system\CodeIgniter.php(326): CodeIgniter\CodeIgniter->handleRequest(NULL, Object(Config\Cache), false)
#8 C:\xampp\htdocs\snbt\public\index.php(37): CodeIgniter\CodeIgniter->run()
#9 C:\xampp\htdocs\snbt\system\Commands\Server\rewrite.php(43): require_once('C:\\xampp\\htdocs...')
#10 {main}
CRITICAL - 2023-08-11 18:48:08 --> Undefined array key "kname"
#0 C:\xampp\htdocs\snbt\app\Views\admin\soal.php(60): CodeIgniter\Debug\Exceptions->errorHandler(2, 'Undefined array...', 'C:\\xampp\\htdocs...', 60)
#1 C:\xampp\htdocs\snbt\system\View\View.php(210): include('C:\\xampp\\htdocs...')
#2 C:\xampp\htdocs\snbt\system\View\View.php(213): CodeIgniter\View\View->CodeIgniter\View\{closure}()
#3 C:\xampp\htdocs\snbt\system\Common.php(1089): CodeIgniter\View\View->render('admin/soal', Array, true)
#4 C:\xampp\htdocs\snbt\app\Controllers\Admin.php(83): view('admin/soal', Array)
#5 C:\xampp\htdocs\snbt\system\CodeIgniter.php(832): App\Controllers\Admin->index('soal')
#6 C:\xampp\htdocs\snbt\system\CodeIgniter.php(419): CodeIgniter\CodeIgniter->runController(Object(App\Controllers\Admin))
#7 C:\xampp\htdocs\snbt\system\CodeIgniter.php(326): CodeIgniter\CodeIgniter->handleRequest(NULL, Object(Config\Cache), false)
#8 C:\xampp\htdocs\snbt\public\index.php(37): CodeIgniter\CodeIgniter->run()
#9 C:\xampp\htdocs\snbt\system\Commands\Server\rewrite.php(43): require_once('C:\\xampp\\htdocs...')
#10 {main}
