CRITICAL - 2023-08-29 09:26:06 --> Undefined property: stdClass::$idx
#0 C:\xampp\htdocs\snbt\app\Models\SoalMDL.php(139): CodeIgniter\Debug\Exceptions->errorHandler(2, 'Undefined prope...', 'C:\\xampp\\htdocs...', 139)
#1 C:\xampp\htdocs\snbt\app\Controllers\SubmitEdit.php(138): App\Models\SoalMDL->reSortIdx()
#2 C:\xampp\htdocs\snbt\system\CodeIgniter.php(832): App\Controllers\SubmitEdit->soal('2', '1')
#3 C:\xampp\htdocs\snbt\system\CodeIgniter.php(419): CodeIgniter\CodeIgniter->runController(Object(App\Controllers\SubmitEdit))
#4 C:\xampp\htdocs\snbt\system\CodeIgniter.php(326): CodeIgniter\CodeIgniter->handleRequest(NULL, Object(Config\Cache), false)
#5 C:\xampp\htdocs\snbt\public\index.php(37): CodeIgniter\CodeIgniter->run()
#6 C:\xampp\htdocs\snbt\system\Commands\Server\rewrite.php(43): require_once('C:\\xampp\\htdocs...')
#7 {main}
CRITICAL - 2023-08-29 09:44:45 --> Call to undefined method CodeIgniter\Database\MySQLi\Builder::findAll()
#0 C:\xampp\htdocs\snbt\app\Controllers\SubmitEdit.php(138): App\Models\SoalMDL->reSortIdx()
#1 C:\xampp\htdocs\snbt\system\CodeIgniter.php(832): App\Controllers\SubmitEdit->soal('1', '1')
#2 C:\xampp\htdocs\snbt\system\CodeIgniter.php(419): CodeIgniter\CodeIgniter->runController(Object(App\Controllers\SubmitEdit))
#3 C:\xampp\htdocs\snbt\system\CodeIgniter.php(326): CodeIgniter\CodeIgniter->handleRequest(NULL, Object(Config\Cache), false)
#4 C:\xampp\htdocs\snbt\public\index.php(37): CodeIgniter\CodeIgniter->run()
#5 C:\xampp\htdocs\snbt\system\Commands\Server\rewrite.php(43): require_once('C:\\xampp\\htdocs...')
#6 {main}
CRITICAL - 2023-08-29 09:51:15 --> Cannot use object of type mysqli as array
#0 C:\xampp\htdocs\snbt\app\Controllers\SubmitEdit.php(138): App\Models\SoalMDL->reSortIdx()
#1 C:\xampp\htdocs\snbt\system\CodeIgniter.php(832): App\Controllers\SubmitEdit->soal('1', '1')
#2 C:\xampp\htdocs\snbt\system\CodeIgniter.php(419): CodeIgniter\CodeIgniter->runController(Object(App\Controllers\SubmitEdit))
#3 C:\xampp\htdocs\snbt\system\CodeIgniter.php(326): CodeIgniter\CodeIgniter->handleRequest(NULL, Object(Config\Cache), false)
#4 C:\xampp\htdocs\snbt\public\index.php(37): CodeIgniter\CodeIgniter->run()
#5 C:\xampp\htdocs\snbt\system\Commands\Server\rewrite.php(43): require_once('C:\\xampp\\htdocs...')
#6 {main}
CRITICAL - 2023-08-29 09:53:13 --> Cannot use object of type stdClass as array
#0 C:\xampp\htdocs\snbt\app\Controllers\SubmitEdit.php(138): App\Models\SoalMDL->reSortIdx()
#1 C:\xampp\htdocs\snbt\system\CodeIgniter.php(832): App\Controllers\SubmitEdit->soal('1', '1')
#2 C:\xampp\htdocs\snbt\system\CodeIgniter.php(419): CodeIgniter\CodeIgniter->runController(Object(App\Controllers\SubmitEdit))
#3 C:\xampp\htdocs\snbt\system\CodeIgniter.php(326): CodeIgniter\CodeIgniter->handleRequest(NULL, Object(Config\Cache), false)
#4 C:\xampp\htdocs\snbt\public\index.php(37): CodeIgniter\CodeIgniter->run()
#5 C:\xampp\htdocs\snbt\system\Commands\Server\rewrite.php(43): require_once('C:\\xampp\\htdocs...')
#6 {main}
ERROR - 2023-08-29 11:27:10 --> Unknown column 'katagori_soal_id' in 'where clause'
CRITICAL - 2023-08-29 11:27:10 --> Unknown column 'katagori_soal_id' in 'where clause'
#0 C:\xampp\htdocs\snbt\system\Database\MySQLi\Connection.php(292): mysqli->query('SELECT *\nFROM `...', 0)
#1 C:\xampp\htdocs\snbt\system\Database\BaseConnection.php(670): CodeIgniter\Database\MySQLi\Connection->execute('SELECT *\nFROM `...')
#2 C:\xampp\htdocs\snbt\system\Database\BaseConnection.php(598): CodeIgniter\Database\BaseConnection->simpleQuery('SELECT *\nFROM `...')
#3 C:\xampp\htdocs\snbt\system\Database\BaseBuilder.php(1455): CodeIgniter\Database\BaseConnection->query('SELECT *\nFROM `...', Array, false)
#4 C:\xampp\htdocs\snbt\system\Model.php(183): CodeIgniter\Database\BaseBuilder->get()
#5 C:\xampp\htdocs\snbt\system\BaseModel.php(584): CodeIgniter\Model->doFindAll(0, 0)
#6 C:\xampp\htdocs\snbt\app\Models\SoalMDL.php(59): CodeIgniter\BaseModel->findAll()
#7 C:\xampp\htdocs\snbt\app\Controllers\SubmitEdit.php(74): App\Models\SoalMDL->getSoalID('2', '2')
#8 C:\xampp\htdocs\snbt\system\CodeIgniter.php(832): App\Controllers\SubmitEdit->soal('2', '2')
#9 C:\xampp\htdocs\snbt\system\CodeIgniter.php(419): CodeIgniter\CodeIgniter->runController(Object(App\Controllers\SubmitEdit))
#10 C:\xampp\htdocs\snbt\system\CodeIgniter.php(326): CodeIgniter\CodeIgniter->handleRequest(NULL, Object(Config\Cache), false)
#11 C:\xampp\htdocs\snbt\public\index.php(37): CodeIgniter\CodeIgniter->run()
#12 C:\xampp\htdocs\snbt\system\Commands\Server\rewrite.php(43): require_once('C:\\xampp\\htdocs...')
#13 {main}
