CRITICAL - 2023-08-05 00:18:20 --> CodeIgniter\Database\BaseBuilder::limit(): Argument #1 ($value) must be of type ?int, string given, called in C:\xampp\htdocs\snbt\system\Model.php on line 728
#0 C:\xampp\htdocs\snbt\system\Model.php(728): CodeIgniter\Database\BaseBuilder->limit('')
#1 C:\xampp\htdocs\snbt\app\Models\SoalMDL.php(106): CodeIgniter\Model->__call('limit', Array)
#2 C:\xampp\htdocs\snbt\app\Controllers\LatihanPaket.php(44): App\Models\SoalMDL->soalBuilder('1', '')
#3 C:\xampp\htdocs\snbt\system\CodeIgniter.php(832): App\Controllers\LatihanPaket->index()
#4 C:\xampp\htdocs\snbt\system\CodeIgniter.php(419): CodeIgniter\CodeIgniter->runController(Object(App\Controllers\LatihanPaket))
#5 C:\xampp\htdocs\snbt\system\CodeIgniter.php(326): CodeIgniter\CodeIgniter->handleRequest(NULL, Object(Config\Cache), false)
#6 C:\xampp\htdocs\snbt\public\index.php(37): CodeIgniter\CodeIgniter->run()
#7 C:\xampp\htdocs\snbt\system\Commands\Server\rewrite.php(43): require_once('C:\\xampp\\htdocs...')
#8 {main}
CRITICAL - 2023-08-05 00:25:47 --> Too few arguments to function App\Models\SoalMDL::soalBuilder(), 1 passed in C:\xampp\htdocs\snbt\app\Controllers\Exercise.php on line 55 and exactly 2 expected
#0 C:\xampp\htdocs\snbt\app\Controllers\Exercise.php(55): App\Models\SoalMDL->soalBuilder(NULL)
#1 C:\xampp\htdocs\snbt\system\CodeIgniter.php(832): App\Controllers\Exercise->soal()
#2 C:\xampp\htdocs\snbt\system\CodeIgniter.php(419): CodeIgniter\CodeIgniter->runController(Object(App\Controllers\Exercise))
#3 C:\xampp\htdocs\snbt\system\CodeIgniter.php(326): CodeIgniter\CodeIgniter->handleRequest(NULL, Object(Config\Cache), false)
#4 C:\xampp\htdocs\snbt\public\index.php(37): CodeIgniter\CodeIgniter->run()
#5 C:\xampp\htdocs\snbt\system\Commands\Server\rewrite.php(43): require_once('C:\\xampp\\htdocs...')
#6 {main}
CRITICAL - 2023-08-05 00:26:02 --> Too few arguments to function App\Models\SoalMDL::soalBuilder(), 1 passed in C:\xampp\htdocs\snbt\app\Controllers\Latihan.php on line 52 and exactly 2 expected
#0 C:\xampp\htdocs\snbt\app\Controllers\Latihan.php(52): App\Models\SoalMDL->soalBuilder(2)
#1 C:\xampp\htdocs\snbt\system\CodeIgniter.php(832): App\Controllers\Latihan->index()
#2 C:\xampp\htdocs\snbt\system\CodeIgniter.php(419): CodeIgniter\CodeIgniter->runController(Object(App\Controllers\Latihan))
#3 C:\xampp\htdocs\snbt\system\CodeIgniter.php(326): CodeIgniter\CodeIgniter->handleRequest(NULL, Object(Config\Cache), false)
#4 C:\xampp\htdocs\snbt\public\index.php(37): CodeIgniter\CodeIgniter->run()
#5 C:\xampp\htdocs\snbt\system\Commands\Server\rewrite.php(43): require_once('C:\\xampp\\htdocs...')
#6 {main}
CRITICAL - 2023-08-05 00:44:03 --> Too few arguments to function App\Models\SoalMDL::soalBuilder(), 1 passed in C:\xampp\htdocs\snbt\app\Controllers\Exercise.php on line 55 and exactly 2 expected
#0 C:\xampp\htdocs\snbt\app\Controllers\Exercise.php(55): App\Models\SoalMDL->soalBuilder(NULL)
#1 C:\xampp\htdocs\snbt\system\CodeIgniter.php(832): App\Controllers\Exercise->soal()
#2 C:\xampp\htdocs\snbt\system\CodeIgniter.php(419): CodeIgniter\CodeIgniter->runController(Object(App\Controllers\Exercise))
#3 C:\xampp\htdocs\snbt\system\CodeIgniter.php(326): CodeIgniter\CodeIgniter->handleRequest(NULL, Object(Config\Cache), false)
#4 C:\xampp\htdocs\snbt\public\index.php(37): CodeIgniter\CodeIgniter->run()
#5 C:\xampp\htdocs\snbt\system\Commands\Server\rewrite.php(43): require_once('C:\\xampp\\htdocs...')
#6 {main}
CRITICAL - 2023-08-05 01:20:17 --> Array to string conversion
#0 [internal function]: CodeIgniter\Debug\Exceptions->errorHandler(2, 'Array to string...', 'C:\\xampp\\htdocs...', 312)
#1 C:\xampp\htdocs\snbt\system\Database\Query.php(312): implode(',', Array)
#2 C:\xampp\htdocs\snbt\system\Database\Query.php(293): CodeIgniter\Database\Query->matchNamedBinds('SELECT *\nFROM `...', Array)
#3 C:\xampp\htdocs\snbt\system\Database\Query.php(150): CodeIgniter\Database\Query->compileBinds()
#4 C:\xampp\htdocs\snbt\system\Database\BaseConnection.php(598): CodeIgniter\Database\Query->getQuery()
#5 C:\xampp\htdocs\snbt\system\Database\BaseBuilder.php(1455): CodeIgniter\Database\BaseConnection->query('SELECT *\nFROM `...', Array, false)
#6 C:\xampp\htdocs\snbt\system\Model.php(183): CodeIgniter\Database\BaseBuilder->get()
#7 C:\xampp\htdocs\snbt\system\BaseModel.php(584): CodeIgniter\Model->doFindAll(0, 0)
#8 C:\xampp\htdocs\snbt\app\Models\UserSubcribeMDL.php(18): CodeIgniter\BaseModel->findAll()
#9 C:\xampp\htdocs\snbt\app\Controllers\Latihan.php(42): App\Models\UserSubcribeMDL->totalSoal(Array)
#10 C:\xampp\htdocs\snbt\system\CodeIgniter.php(832): App\Controllers\Latihan->index()
#11 C:\xampp\htdocs\snbt\system\CodeIgniter.php(419): CodeIgniter\CodeIgniter->runController(Object(App\Controllers\Latihan))
#12 C:\xampp\htdocs\snbt\system\CodeIgniter.php(326): CodeIgniter\CodeIgniter->handleRequest(NULL, Object(Config\Cache), false)
#13 C:\xampp\htdocs\snbt\public\index.php(37): CodeIgniter\CodeIgniter->run()
#14 C:\xampp\htdocs\snbt\system\Commands\Server\rewrite.php(43): require_once('C:\\xampp\\htdocs...')
#15 {main}
CRITICAL - 2023-08-05 01:25:19 --> Array to string conversion
#0 [internal function]: CodeIgniter\Debug\Exceptions->errorHandler(2, 'Array to string...', 'C:\\xampp\\htdocs...', 312)
#1 C:\xampp\htdocs\snbt\system\Database\Query.php(312): implode(',', Array)
#2 C:\xampp\htdocs\snbt\system\Database\Query.php(293): CodeIgniter\Database\Query->matchNamedBinds('SELECT *\nFROM `...', Array)
#3 C:\xampp\htdocs\snbt\system\Database\Query.php(150): CodeIgniter\Database\Query->compileBinds()
#4 C:\xampp\htdocs\snbt\system\Database\BaseConnection.php(598): CodeIgniter\Database\Query->getQuery()
#5 C:\xampp\htdocs\snbt\system\Database\BaseBuilder.php(1455): CodeIgniter\Database\BaseConnection->query('SELECT *\nFROM `...', Array, false)
#6 C:\xampp\htdocs\snbt\system\Model.php(183): CodeIgniter\Database\BaseBuilder->get()
#7 C:\xampp\htdocs\snbt\system\BaseModel.php(584): CodeIgniter\Model->doFindAll(0, 0)
#8 C:\xampp\htdocs\snbt\app\Models\UserSubcribeMDL.php(18): CodeIgniter\BaseModel->findAll()
#9 C:\xampp\htdocs\snbt\app\Controllers\Latihan.php(42): App\Models\UserSubcribeMDL->totalSoal(Array)
#10 C:\xampp\htdocs\snbt\system\CodeIgniter.php(832): App\Controllers\Latihan->index()
#11 C:\xampp\htdocs\snbt\system\CodeIgniter.php(419): CodeIgniter\CodeIgniter->runController(Object(App\Controllers\Latihan))
#12 C:\xampp\htdocs\snbt\system\CodeIgniter.php(326): CodeIgniter\CodeIgniter->handleRequest(NULL, Object(Config\Cache), false)
#13 C:\xampp\htdocs\snbt\public\index.php(37): CodeIgniter\CodeIgniter->run()
#14 C:\xampp\htdocs\snbt\system\Commands\Server\rewrite.php(43): require_once('C:\\xampp\\htdocs...')
#15 {main}
CRITICAL - 2023-08-05 01:25:29 --> Array to string conversion
#0 [internal function]: CodeIgniter\Debug\Exceptions->errorHandler(2, 'Array to string...', 'C:\\xampp\\htdocs...', 312)
#1 C:\xampp\htdocs\snbt\system\Database\Query.php(312): implode(',', Array)
#2 C:\xampp\htdocs\snbt\system\Database\Query.php(293): CodeIgniter\Database\Query->matchNamedBinds('SELECT *\nFROM `...', Array)
#3 C:\xampp\htdocs\snbt\system\Database\Query.php(150): CodeIgniter\Database\Query->compileBinds()
#4 C:\xampp\htdocs\snbt\system\Database\BaseConnection.php(598): CodeIgniter\Database\Query->getQuery()
#5 C:\xampp\htdocs\snbt\system\Database\BaseBuilder.php(1455): CodeIgniter\Database\BaseConnection->query('SELECT *\nFROM `...', Array, false)
#6 C:\xampp\htdocs\snbt\system\Model.php(183): CodeIgniter\Database\BaseBuilder->get()
#7 C:\xampp\htdocs\snbt\system\BaseModel.php(584): CodeIgniter\Model->doFindAll(0, 0)
#8 C:\xampp\htdocs\snbt\app\Models\UserSubcribeMDL.php(18): CodeIgniter\BaseModel->findAll()
#9 C:\xampp\htdocs\snbt\app\Controllers\Latihan.php(42): App\Models\UserSubcribeMDL->totalSoal(Array)
#10 C:\xampp\htdocs\snbt\system\CodeIgniter.php(832): App\Controllers\Latihan->index()
#11 C:\xampp\htdocs\snbt\system\CodeIgniter.php(419): CodeIgniter\CodeIgniter->runController(Object(App\Controllers\Latihan))
#12 C:\xampp\htdocs\snbt\system\CodeIgniter.php(326): CodeIgniter\CodeIgniter->handleRequest(NULL, Object(Config\Cache), false)
#13 C:\xampp\htdocs\snbt\public\index.php(37): CodeIgniter\CodeIgniter->run()
#14 C:\xampp\htdocs\snbt\system\Commands\Server\rewrite.php(43): require_once('C:\\xampp\\htdocs...')
#15 {main}
CRITICAL - 2023-08-05 01:26:05 --> Array to string conversion
#0 [internal function]: CodeIgniter\Debug\Exceptions->errorHandler(2, 'Array to string...', 'C:\\xampp\\htdocs...', 312)
#1 C:\xampp\htdocs\snbt\system\Database\Query.php(312): implode(',', Array)
#2 C:\xampp\htdocs\snbt\system\Database\Query.php(293): CodeIgniter\Database\Query->matchNamedBinds('SELECT *\nFROM `...', Array)
#3 C:\xampp\htdocs\snbt\system\Database\Query.php(150): CodeIgniter\Database\Query->compileBinds()
#4 C:\xampp\htdocs\snbt\system\Database\BaseConnection.php(598): CodeIgniter\Database\Query->getQuery()
#5 C:\xampp\htdocs\snbt\system\Database\BaseBuilder.php(1455): CodeIgniter\Database\BaseConnection->query('SELECT *\nFROM `...', Array, false)
#6 C:\xampp\htdocs\snbt\system\Model.php(183): CodeIgniter\Database\BaseBuilder->get()
#7 C:\xampp\htdocs\snbt\system\BaseModel.php(584): CodeIgniter\Model->doFindAll(0, 0)
#8 C:\xampp\htdocs\snbt\app\Models\UserSubcribeMDL.php(18): CodeIgniter\BaseModel->findAll()
#9 C:\xampp\htdocs\snbt\app\Controllers\Latihan.php(42): App\Models\UserSubcribeMDL->totalSoal(Array)
#10 C:\xampp\htdocs\snbt\system\CodeIgniter.php(832): App\Controllers\Latihan->index()
#11 C:\xampp\htdocs\snbt\system\CodeIgniter.php(419): CodeIgniter\CodeIgniter->runController(Object(App\Controllers\Latihan))
#12 C:\xampp\htdocs\snbt\system\CodeIgniter.php(326): CodeIgniter\CodeIgniter->handleRequest(NULL, Object(Config\Cache), false)
#13 C:\xampp\htdocs\snbt\public\index.php(37): CodeIgniter\CodeIgniter->run()
#14 C:\xampp\htdocs\snbt\system\Commands\Server\rewrite.php(43): require_once('C:\\xampp\\htdocs...')
#15 {main}
CRITICAL - 2023-08-05 01:26:06 --> Array to string conversion
#0 [internal function]: CodeIgniter\Debug\Exceptions->errorHandler(2, 'Array to string...', 'C:\\xampp\\htdocs...', 312)
#1 C:\xampp\htdocs\snbt\system\Database\Query.php(312): implode(',', Array)
#2 C:\xampp\htdocs\snbt\system\Database\Query.php(293): CodeIgniter\Database\Query->matchNamedBinds('SELECT *\nFROM `...', Array)
#3 C:\xampp\htdocs\snbt\system\Database\Query.php(150): CodeIgniter\Database\Query->compileBinds()
#4 C:\xampp\htdocs\snbt\system\Database\BaseConnection.php(598): CodeIgniter\Database\Query->getQuery()
#5 C:\xampp\htdocs\snbt\system\Database\BaseBuilder.php(1455): CodeIgniter\Database\BaseConnection->query('SELECT *\nFROM `...', Array, false)
#6 C:\xampp\htdocs\snbt\system\Model.php(183): CodeIgniter\Database\BaseBuilder->get()
#7 C:\xampp\htdocs\snbt\system\BaseModel.php(584): CodeIgniter\Model->doFindAll(0, 0)
#8 C:\xampp\htdocs\snbt\app\Models\UserSubcribeMDL.php(18): CodeIgniter\BaseModel->findAll()
#9 C:\xampp\htdocs\snbt\app\Controllers\Latihan.php(42): App\Models\UserSubcribeMDL->totalSoal(Array)
#10 C:\xampp\htdocs\snbt\system\CodeIgniter.php(832): App\Controllers\Latihan->index()
#11 C:\xampp\htdocs\snbt\system\CodeIgniter.php(419): CodeIgniter\CodeIgniter->runController(Object(App\Controllers\Latihan))
#12 C:\xampp\htdocs\snbt\system\CodeIgniter.php(326): CodeIgniter\CodeIgniter->handleRequest(NULL, Object(Config\Cache), false)
#13 C:\xampp\htdocs\snbt\public\index.php(37): CodeIgniter\CodeIgniter->run()
#14 C:\xampp\htdocs\snbt\system\Commands\Server\rewrite.php(43): require_once('C:\\xampp\\htdocs...')
#15 {main}
CRITICAL - 2023-08-05 01:38:34 --> array_fill(): Passing null to parameter #2 ($count) of type int is deprecated
#0 [internal function]: CodeIgniter\Debug\Exceptions->errorHandler(8192, 'array_fill(): P...', 'C:\\xampp\\htdocs...', 48)
#1 C:\xampp\htdocs\snbt\app\Controllers\LatihanPaket.php(48): array_fill(0, NULL, NULL)
#2 C:\xampp\htdocs\snbt\system\CodeIgniter.php(832): App\Controllers\LatihanPaket->index()
#3 C:\xampp\htdocs\snbt\system\CodeIgniter.php(419): CodeIgniter\CodeIgniter->runController(Object(App\Controllers\LatihanPaket))
#4 C:\xampp\htdocs\snbt\system\CodeIgniter.php(326): CodeIgniter\CodeIgniter->handleRequest(NULL, Object(Config\Cache), false)
#5 C:\xampp\htdocs\snbt\public\index.php(37): CodeIgniter\CodeIgniter->run()
#6 C:\xampp\htdocs\snbt\system\Commands\Server\rewrite.php(43): require_once('C:\\xampp\\htdocs...')
#7 {main}
CRITICAL - 2023-08-05 01:41:50 --> array_fill(): Passing null to parameter #2 ($count) of type int is deprecated
#0 [internal function]: CodeIgniter\Debug\Exceptions->errorHandler(8192, 'array_fill(): P...', 'C:\\xampp\\htdocs...', 48)
#1 C:\xampp\htdocs\snbt\app\Controllers\LatihanPaket.php(48): array_fill(0, NULL, NULL)
#2 C:\xampp\htdocs\snbt\system\CodeIgniter.php(832): App\Controllers\LatihanPaket->index()
#3 C:\xampp\htdocs\snbt\system\CodeIgniter.php(419): CodeIgniter\CodeIgniter->runController(Object(App\Controllers\LatihanPaket))
#4 C:\xampp\htdocs\snbt\system\CodeIgniter.php(326): CodeIgniter\CodeIgniter->handleRequest(NULL, Object(Config\Cache), false)
#5 C:\xampp\htdocs\snbt\public\index.php(37): CodeIgniter\CodeIgniter->run()
#6 C:\xampp\htdocs\snbt\system\Commands\Server\rewrite.php(43): require_once('C:\\xampp\\htdocs...')
#7 {main}
CRITICAL - 2023-08-05 01:48:56 --> array_fill(): Passing null to parameter #2 ($count) of type int is deprecated
#0 [internal function]: CodeIgniter\Debug\Exceptions->errorHandler(8192, 'array_fill(): P...', 'C:\\xampp\\htdocs...', 48)
#1 C:\xampp\htdocs\snbt\app\Controllers\LatihanPaket.php(48): array_fill(0, NULL, NULL)
#2 C:\xampp\htdocs\snbt\system\CodeIgniter.php(832): App\Controllers\LatihanPaket->index()
#3 C:\xampp\htdocs\snbt\system\CodeIgniter.php(419): CodeIgniter\CodeIgniter->runController(Object(App\Controllers\LatihanPaket))
#4 C:\xampp\htdocs\snbt\system\CodeIgniter.php(326): CodeIgniter\CodeIgniter->handleRequest(NULL, Object(Config\Cache), false)
#5 C:\xampp\htdocs\snbt\public\index.php(37): CodeIgniter\CodeIgniter->run()
#6 C:\xampp\htdocs\snbt\system\Commands\Server\rewrite.php(43): require_once('C:\\xampp\\htdocs...')
#7 {main}
CRITICAL - 2023-08-05 01:52:12 --> array_fill(): Passing null to parameter #2 ($count) of type int is deprecated
#0 [internal function]: CodeIgniter\Debug\Exceptions->errorHandler(8192, 'array_fill(): P...', 'C:\\xampp\\htdocs...', 48)
#1 C:\xampp\htdocs\snbt\app\Controllers\LatihanPaket.php(48): array_fill(0, NULL, NULL)
#2 C:\xampp\htdocs\snbt\system\CodeIgniter.php(832): App\Controllers\LatihanPaket->index()
#3 C:\xampp\htdocs\snbt\system\CodeIgniter.php(419): CodeIgniter\CodeIgniter->runController(Object(App\Controllers\LatihanPaket))
#4 C:\xampp\htdocs\snbt\system\CodeIgniter.php(326): CodeIgniter\CodeIgniter->handleRequest(NULL, Object(Config\Cache), false)
#5 C:\xampp\htdocs\snbt\public\index.php(37): CodeIgniter\CodeIgniter->run()
#6 C:\xampp\htdocs\snbt\system\Commands\Server\rewrite.php(43): require_once('C:\\xampp\\htdocs...')
#7 {main}
CRITICAL - 2023-08-05 01:54:01 --> array_fill(): Passing null to parameter #2 ($count) of type int is deprecated
#0 [internal function]: CodeIgniter\Debug\Exceptions->errorHandler(8192, 'array_fill(): P...', 'C:\\xampp\\htdocs...', 48)
#1 C:\xampp\htdocs\snbt\app\Controllers\LatihanPaket.php(48): array_fill(0, NULL, NULL)
#2 C:\xampp\htdocs\snbt\system\CodeIgniter.php(832): App\Controllers\LatihanPaket->index()
#3 C:\xampp\htdocs\snbt\system\CodeIgniter.php(419): CodeIgniter\CodeIgniter->runController(Object(App\Controllers\LatihanPaket))
#4 C:\xampp\htdocs\snbt\system\CodeIgniter.php(326): CodeIgniter\CodeIgniter->handleRequest(NULL, Object(Config\Cache), false)
#5 C:\xampp\htdocs\snbt\public\index.php(37): CodeIgniter\CodeIgniter->run()
#6 C:\xampp\htdocs\snbt\system\Commands\Server\rewrite.php(43): require_once('C:\\xampp\\htdocs...')
#7 {main}
ERROR - 2023-08-05 02:17:41 --> You have an error in your SQL syntax; check the manual that corresponds to your MariaDB server version for the right syntax to use near ''
WHERE `subcribe_id` = 1' at line 3
CRITICAL - 2023-08-05 02:17:41 --> You have an error in your SQL syntax; check the manual that corresponds to your MariaDB server version for the right syntax to use near ''
WHERE `subcribe_id` = 1' at line 3
#0 C:\xampp\htdocs\snbt\system\Database\MySQLi\Connection.php(292): mysqli->query('SELECT *\nFROM `...', 0)
#1 C:\xampp\htdocs\snbt\system\Database\BaseConnection.php(670): CodeIgniter\Database\MySQLi\Connection->execute('SELECT *\nFROM `...')
#2 C:\xampp\htdocs\snbt\system\Database\BaseConnection.php(598): CodeIgniter\Database\BaseConnection->simpleQuery('SELECT *\nFROM `...')
#3 C:\xampp\htdocs\snbt\system\Database\BaseBuilder.php(1455): CodeIgniter\Database\BaseConnection->query('SELECT *\nFROM `...', Array, false)
#4 C:\xampp\htdocs\snbt\system\Model.php(183): CodeIgniter\Database\BaseBuilder->get()
#5 C:\xampp\htdocs\snbt\system\BaseModel.php(584): CodeIgniter\Model->doFindAll(0, 0)
#6 C:\xampp\htdocs\snbt\app\Models\UserSubcribeMDL.php(18): CodeIgniter\BaseModel->findAll()
#7 C:\xampp\htdocs\snbt\app\Controllers\LatihanPaket.php(39): App\Models\UserSubcribeMDL->totalSoal(1, '1')
#8 C:\xampp\htdocs\snbt\system\CodeIgniter.php(832): App\Controllers\LatihanPaket->index()
#9 C:\xampp\htdocs\snbt\system\CodeIgniter.php(419): CodeIgniter\CodeIgniter->runController(Object(App\Controllers\LatihanPaket))
#10 C:\xampp\htdocs\snbt\system\CodeIgniter.php(326): CodeIgniter\CodeIgniter->handleRequest(NULL, Object(Config\Cache), false)
#11 C:\xampp\htdocs\snbt\public\index.php(37): CodeIgniter\CodeIgniter->run()
#12 C:\xampp\htdocs\snbt\system\Commands\Server\rewrite.php(43): require_once('C:\\xampp\\htdocs...')
#13 {main}
CRITICAL - 2023-08-05 02:24:53 --> array_fill(): Passing null to parameter #2 ($count) of type int is deprecated
#0 [internal function]: CodeIgniter\Debug\Exceptions->errorHandler(8192, 'array_fill(): P...', 'C:\\xampp\\htdocs...', 48)
#1 C:\xampp\htdocs\snbt\app\Controllers\LatihanPaket.php(48): array_fill(0, NULL, NULL)
#2 C:\xampp\htdocs\snbt\system\CodeIgniter.php(832): App\Controllers\LatihanPaket->index()
#3 C:\xampp\htdocs\snbt\system\CodeIgniter.php(419): CodeIgniter\CodeIgniter->runController(Object(App\Controllers\LatihanPaket))
#4 C:\xampp\htdocs\snbt\system\CodeIgniter.php(326): CodeIgniter\CodeIgniter->handleRequest(NULL, Object(Config\Cache), false)
#5 C:\xampp\htdocs\snbt\public\index.php(37): CodeIgniter\CodeIgniter->run()
#6 C:\xampp\htdocs\snbt\system\Commands\Server\rewrite.php(43): require_once('C:\\xampp\\htdocs...')
#7 {main}
CRITICAL - 2023-08-05 02:27:15 --> array_fill(): Passing null to parameter #2 ($count) of type int is deprecated
#0 [internal function]: CodeIgniter\Debug\Exceptions->errorHandler(8192, 'array_fill(): P...', 'C:\\xampp\\htdocs...', 48)
#1 C:\xampp\htdocs\snbt\app\Controllers\LatihanPaket.php(48): array_fill(0, NULL, NULL)
#2 C:\xampp\htdocs\snbt\system\CodeIgniter.php(832): App\Controllers\LatihanPaket->index()
#3 C:\xampp\htdocs\snbt\system\CodeIgniter.php(419): CodeIgniter\CodeIgniter->runController(Object(App\Controllers\LatihanPaket))
#4 C:\xampp\htdocs\snbt\system\CodeIgniter.php(326): CodeIgniter\CodeIgniter->handleRequest(NULL, Object(Config\Cache), false)
#5 C:\xampp\htdocs\snbt\public\index.php(37): CodeIgniter\CodeIgniter->run()
#6 C:\xampp\htdocs\snbt\system\Commands\Server\rewrite.php(43): require_once('C:\\xampp\\htdocs...')
#7 {main}
CRITICAL - 2023-08-05 07:28:41 --> The original file is not a valid file.
#0 C:\xampp\htdocs\snbt\system\HTTP\Files\UploadedFile.php(137): CodeIgniter\HTTP\Exceptions\HTTPException::forInvalidFile()
#1 C:\xampp\htdocs\snbt\app\Controllers\SubmitEdit.php(88): CodeIgniter\HTTP\Files\UploadedFile->move('img/')
#2 C:\xampp\htdocs\snbt\system\CodeIgniter.php(832): App\Controllers\SubmitEdit->soal('61')
#3 C:\xampp\htdocs\snbt\system\CodeIgniter.php(419): CodeIgniter\CodeIgniter->runController(Object(App\Controllers\SubmitEdit))
#4 C:\xampp\htdocs\snbt\system\CodeIgniter.php(326): CodeIgniter\CodeIgniter->handleRequest(NULL, Object(Config\Cache), false)
#5 C:\xampp\htdocs\snbt\public\index.php(37): CodeIgniter\CodeIgniter->run()
#6 C:\xampp\htdocs\snbt\system\Commands\Server\rewrite.php(43): require_once('C:\\xampp\\htdocs...')
#7 {main}
CRITICAL - 2023-08-05 07:33:55 --> The original file is not a valid file.
#0 C:\xampp\htdocs\snbt\system\HTTP\Files\UploadedFile.php(137): CodeIgniter\HTTP\Exceptions\HTTPException::forInvalidFile()
#1 C:\xampp\htdocs\snbt\app\Controllers\SubmitEdit.php(88): CodeIgniter\HTTP\Files\UploadedFile->move('img/')
#2 C:\xampp\htdocs\snbt\system\CodeIgniter.php(832): App\Controllers\SubmitEdit->soal('61')
#3 C:\xampp\htdocs\snbt\system\CodeIgniter.php(419): CodeIgniter\CodeIgniter->runController(Object(App\Controllers\SubmitEdit))
#4 C:\xampp\htdocs\snbt\system\CodeIgniter.php(326): CodeIgniter\CodeIgniter->handleRequest(NULL, Object(Config\Cache), false)
#5 C:\xampp\htdocs\snbt\public\index.php(37): CodeIgniter\CodeIgniter->run()
#6 C:\xampp\htdocs\snbt\system\Commands\Server\rewrite.php(43): require_once('C:\\xampp\\htdocs...')
#7 {main}
CRITICAL - 2023-08-05 07:42:12 --> Too few arguments to function App\Models\UserSubcribeMDL::totalSoal(), 1 passed in C:\xampp\htdocs\snbt\app\Controllers\Latihan.php on line 42 and exactly 2 expected
#0 C:\xampp\htdocs\snbt\app\Controllers\Latihan.php(42): App\Models\UserSubcribeMDL->totalSoal(1)
#1 C:\xampp\htdocs\snbt\system\CodeIgniter.php(832): App\Controllers\Latihan->index()
#2 C:\xampp\htdocs\snbt\system\CodeIgniter.php(419): CodeIgniter\CodeIgniter->runController(Object(App\Controllers\Latihan))
#3 C:\xampp\htdocs\snbt\system\CodeIgniter.php(326): CodeIgniter\CodeIgniter->handleRequest(NULL, Object(Config\Cache), false)
#4 C:\xampp\htdocs\snbt\public\index.php(37): CodeIgniter\CodeIgniter->run()
#5 C:\xampp\htdocs\snbt\system\Commands\Server\rewrite.php(43): require_once('C:\\xampp\\htdocs...')
#6 {main}
CRITICAL - 2023-08-05 14:13:08 --> Undefined variable $totalSoal
#0 C:\xampp\htdocs\snbt\app\Controllers\Latihan.php(47): CodeIgniter\Debug\Exceptions->errorHandler(2, 'Undefined varia...', 'C:\\xampp\\htdocs...', 47)
#1 C:\xampp\htdocs\snbt\system\CodeIgniter.php(832): App\Controllers\Latihan->index()
#2 C:\xampp\htdocs\snbt\system\CodeIgniter.php(419): CodeIgniter\CodeIgniter->runController(Object(App\Controllers\Latihan))
#3 C:\xampp\htdocs\snbt\system\CodeIgniter.php(326): CodeIgniter\CodeIgniter->handleRequest(NULL, Object(Config\Cache), false)
#4 C:\xampp\htdocs\snbt\public\index.php(37): CodeIgniter\CodeIgniter->run()
#5 C:\xampp\htdocs\snbt\system\Commands\Server\rewrite.php(43): require_once('C:\\xampp\\htdocs...')
#6 {main}
CRITICAL - 2023-08-05 14:13:08 --> Undefined variable $totalSoal
#0 C:\xampp\htdocs\snbt\app\Controllers\Latihan.php(47): CodeIgniter\Debug\Exceptions->errorHandler(2, 'Undefined varia...', 'C:\\xampp\\htdocs...', 47)
#1 C:\xampp\htdocs\snbt\system\CodeIgniter.php(832): App\Controllers\Latihan->index()
#2 C:\xampp\htdocs\snbt\system\CodeIgniter.php(419): CodeIgniter\CodeIgniter->runController(Object(App\Controllers\Latihan))
#3 C:\xampp\htdocs\snbt\system\CodeIgniter.php(326): CodeIgniter\CodeIgniter->handleRequest(NULL, Object(Config\Cache), false)
#4 C:\xampp\htdocs\snbt\public\index.php(37): CodeIgniter\CodeIgniter->run()
#5 C:\xampp\htdocs\snbt\system\Commands\Server\rewrite.php(43): require_once('C:\\xampp\\htdocs...')
#6 {main}
CRITICAL - 2023-08-05 14:14:53 --> Too few arguments to function App\Models\UserSubcribeMDL::totalSoal(), 1 passed in C:\xampp\htdocs\snbt\app\Controllers\Exercise.php on line 49 and exactly 2 expected
#0 C:\xampp\htdocs\snbt\app\Controllers\Exercise.php(49): App\Models\UserSubcribeMDL->totalSoal(1)
#1 C:\xampp\htdocs\snbt\system\CodeIgniter.php(832): App\Controllers\Exercise->soal()
#2 C:\xampp\htdocs\snbt\system\CodeIgniter.php(419): CodeIgniter\CodeIgniter->runController(Object(App\Controllers\Exercise))
#3 C:\xampp\htdocs\snbt\system\CodeIgniter.php(326): CodeIgniter\CodeIgniter->handleRequest(NULL, Object(Config\Cache), false)
#4 C:\xampp\htdocs\snbt\public\index.php(37): CodeIgniter\CodeIgniter->run()
#5 C:\xampp\htdocs\snbt\system\Commands\Server\rewrite.php(43): require_once('C:\\xampp\\htdocs...')
#6 {main}
CRITICAL - 2023-08-05 19:24:47 --> Undefined array key "wp_slug"
#0 C:\xampp\htdocs\snbt\app\Views\exercise\latihan.php(43): CodeIgniter\Debug\Exceptions->errorHandler(2, 'Undefined array...', 'C:\\xampp\\htdocs...', 43)
#1 C:\xampp\htdocs\snbt\system\View\View.php(210): include('C:\\xampp\\htdocs...')
#2 C:\xampp\htdocs\snbt\system\View\View.php(213): CodeIgniter\View\View->CodeIgniter\View\{closure}()
#3 C:\xampp\htdocs\snbt\system\Common.php(1089): CodeIgniter\View\View->render('exercise/latiha...', Array, true)
#4 C:\xampp\htdocs\snbt\app\Controllers\LatihanPaket.php(69): view('exercise/latiha...', Array)
#5 C:\xampp\htdocs\snbt\system\CodeIgniter.php(832): App\Controllers\LatihanPaket->index()
#6 C:\xampp\htdocs\snbt\system\CodeIgniter.php(419): CodeIgniter\CodeIgniter->runController(Object(App\Controllers\LatihanPaket))
#7 C:\xampp\htdocs\snbt\system\CodeIgniter.php(326): CodeIgniter\CodeIgniter->handleRequest(NULL, Object(Config\Cache), false)
#8 C:\xampp\htdocs\snbt\public\index.php(37): CodeIgniter\CodeIgniter->run()
#9 C:\xampp\htdocs\snbt\system\Commands\Server\rewrite.php(43): require_once('C:\\xampp\\htdocs...')
#10 {main}
CRITICAL - 2023-08-05 19:30:15 --> Undefined constant "q"
#0 C:\xampp\htdocs\snbt\system\View\View.php(210): include()
#1 C:\xampp\htdocs\snbt\system\View\View.php(213): CodeIgniter\View\View->CodeIgniter\View\{closure}()
#2 C:\xampp\htdocs\snbt\system\Common.php(1089): CodeIgniter\View\View->render('exercise/latiha...', Array, true)
#3 C:\xampp\htdocs\snbt\app\Controllers\LatihanPaket.php(69): view('exercise/latiha...', Array)
#4 C:\xampp\htdocs\snbt\system\CodeIgniter.php(832): App\Controllers\LatihanPaket->index()
#5 C:\xampp\htdocs\snbt\system\CodeIgniter.php(419): CodeIgniter\CodeIgniter->runController(Object(App\Controllers\LatihanPaket))
#6 C:\xampp\htdocs\snbt\system\CodeIgniter.php(326): CodeIgniter\CodeIgniter->handleRequest(NULL, Object(Config\Cache), false)
#7 C:\xampp\htdocs\snbt\public\index.php(37): CodeIgniter\CodeIgniter->run()
#8 C:\xampp\htdocs\snbt\system\Commands\Server\rewrite.php(43): require_once('C:\\xampp\\htdocs...')
#9 {main}
CRITICAL - 2023-08-05 19:30:15 --> Undefined constant "q"
#0 C:\xampp\htdocs\snbt\system\View\View.php(210): include()
#1 C:\xampp\htdocs\snbt\system\View\View.php(213): CodeIgniter\View\View->CodeIgniter\View\{closure}()
#2 C:\xampp\htdocs\snbt\system\Common.php(1089): CodeIgniter\View\View->render('exercise/latiha...', Array, true)
#3 C:\xampp\htdocs\snbt\app\Controllers\LatihanPaket.php(69): view('exercise/latiha...', Array)
#4 C:\xampp\htdocs\snbt\system\CodeIgniter.php(832): App\Controllers\LatihanPaket->index()
#5 C:\xampp\htdocs\snbt\system\CodeIgniter.php(419): CodeIgniter\CodeIgniter->runController(Object(App\Controllers\LatihanPaket))
#6 C:\xampp\htdocs\snbt\system\CodeIgniter.php(326): CodeIgniter\CodeIgniter->handleRequest(NULL, Object(Config\Cache), false)
#7 C:\xampp\htdocs\snbt\public\index.php(37): CodeIgniter\CodeIgniter->run()
#8 C:\xampp\htdocs\snbt\system\Commands\Server\rewrite.php(43): require_once('C:\\xampp\\htdocs...')
#9 {main}
