CRITICAL - 2023-07-09 09:52:32 --> Trying to access array offset on value of type null
#0 C:\xampp\htdocs\snbt\app\Views\exercise\latihan.php(14): CodeIgniter\Debug\Exceptions->errorHandler(2, 'Trying to acces...', 'C:\\xampp\\htdocs...', 14)
#1 C:\xampp\htdocs\snbt\system\View\View.php(210): include('C:\\xampp\\htdocs...')
#2 C:\xampp\htdocs\snbt\system\View\View.php(213): CodeIgniter\View\View->CodeIgniter\View\{closure}()
#3 C:\xampp\htdocs\snbt\system\Common.php(1089): CodeIgniter\View\View->render('exercise/latiha...', Array, true)
#4 C:\xampp\htdocs\snbt\app\Controllers\Latihan.php(126): view('exercise/latiha...', Array)
#5 C:\xampp\htdocs\snbt\system\CodeIgniter.php(832): App\Controllers\Latihan->index()
#6 C:\xampp\htdocs\snbt\system\CodeIgniter.php(419): CodeIgniter\CodeIgniter->runController(Object(App\Controllers\Latihan))
#7 C:\xampp\htdocs\snbt\system\CodeIgniter.php(326): CodeIgniter\CodeIgniter->handleRequest(NULL, Object(Config\Cache), false)
#8 C:\xampp\htdocs\snbt\public\index.php(37): CodeIgniter\CodeIgniter->run()
#9 C:\xampp\htdocs\snbt\system\Commands\Server\rewrite.php(43): require_once('C:\\xampp\\htdocs...')
#10 {main}
CRITICAL - 2023-07-09 09:52:33 --> Trying to access array offset on value of type null
#0 C:\xampp\htdocs\snbt\app\Views\exercise\latihan.php(14): CodeIgniter\Debug\Exceptions->errorHandler(2, 'Trying to acces...', 'C:\\xampp\\htdocs...', 14)
#1 C:\xampp\htdocs\snbt\system\View\View.php(210): include('C:\\xampp\\htdocs...')
#2 C:\xampp\htdocs\snbt\system\View\View.php(213): CodeIgniter\View\View->CodeIgniter\View\{closure}()
#3 C:\xampp\htdocs\snbt\system\Common.php(1089): CodeIgniter\View\View->render('exercise/latiha...', Array, true)
#4 C:\xampp\htdocs\snbt\app\Controllers\Latihan.php(126): view('exercise/latiha...', Array)
#5 C:\xampp\htdocs\snbt\system\CodeIgniter.php(832): App\Controllers\Latihan->index()
#6 C:\xampp\htdocs\snbt\system\CodeIgniter.php(419): CodeIgniter\CodeIgniter->runController(Object(App\Controllers\Latihan))
#7 C:\xampp\htdocs\snbt\system\CodeIgniter.php(326): CodeIgniter\CodeIgniter->handleRequest(NULL, Object(Config\Cache), false)
#8 C:\xampp\htdocs\snbt\public\index.php(37): CodeIgniter\CodeIgniter->run()
#9 C:\xampp\htdocs\snbt\system\Commands\Server\rewrite.php(43): require_once('C:\\xampp\\htdocs...')
#10 {main}
CRITICAL - 2023-07-09 09:52:34 --> Trying to access array offset on value of type null
#0 C:\xampp\htdocs\snbt\app\Views\exercise\latihan.php(14): CodeIgniter\Debug\Exceptions->errorHandler(2, 'Trying to acces...', 'C:\\xampp\\htdocs...', 14)
#1 C:\xampp\htdocs\snbt\system\View\View.php(210): include('C:\\xampp\\htdocs...')
#2 C:\xampp\htdocs\snbt\system\View\View.php(213): CodeIgniter\View\View->CodeIgniter\View\{closure}()
#3 C:\xampp\htdocs\snbt\system\Common.php(1089): CodeIgniter\View\View->render('exercise/latiha...', Array, true)
#4 C:\xampp\htdocs\snbt\app\Controllers\Latihan.php(126): view('exercise/latiha...', Array)
#5 C:\xampp\htdocs\snbt\system\CodeIgniter.php(832): App\Controllers\Latihan->index()
#6 C:\xampp\htdocs\snbt\system\CodeIgniter.php(419): CodeIgniter\CodeIgniter->runController(Object(App\Controllers\Latihan))
#7 C:\xampp\htdocs\snbt\system\CodeIgniter.php(326): CodeIgniter\CodeIgniter->handleRequest(NULL, Object(Config\Cache), false)
#8 C:\xampp\htdocs\snbt\public\index.php(37): CodeIgniter\CodeIgniter->run()
#9 C:\xampp\htdocs\snbt\system\Commands\Server\rewrite.php(43): require_once('C:\\xampp\\htdocs...')
#10 {main}
