CRITICAL - 2023-08-13 13:20:31 --> Undefined variable $totalSoal
#0 C:\xampp\htdocs\snbt\app\Controllers\Latihan.php(47): CodeIgniter\Debug\Exceptions->errorHandler(2, 'Undefined varia...', 'C:\\xampp\\htdocs...', 47)
#1 C:\xampp\htdocs\snbt\system\CodeIgniter.php(832): App\Controllers\Latihan->index()
#2 C:\xampp\htdocs\snbt\system\CodeIgniter.php(419): CodeIgniter\CodeIgniter->runController(Object(App\Controllers\Latihan))
#3 C:\xampp\htdocs\snbt\system\CodeIgniter.php(326): CodeIgniter\CodeIgniter->handleRequest(NULL, Object(Config\Cache), false)
#4 C:\xampp\htdocs\snbt\public\index.php(37): CodeIgniter\CodeIgniter->run()
#5 C:\xampp\htdocs\snbt\system\Commands\Server\rewrite.php(43): require_once('C:\\xampp\\htdocs...')
#6 {main}
CRITICAL - 2023-08-13 13:45:23 --> The original file is not a valid file.
#0 C:\xampp\htdocs\snbt\system\HTTP\Files\UploadedFile.php(137): CodeIgniter\HTTP\Exceptions\HTTPException::forInvalidFile()
#1 C:\xampp\htdocs\snbt\app\Controllers\Submit.php(112): CodeIgniter\HTTP\Files\UploadedFile->move('img/')
#2 C:\xampp\htdocs\snbt\system\CodeIgniter.php(832): App\Controllers\Submit->soal()
#3 C:\xampp\htdocs\snbt\system\CodeIgniter.php(419): CodeIgniter\CodeIgniter->runController(Object(App\Controllers\Submit))
#4 C:\xampp\htdocs\snbt\system\CodeIgniter.php(326): CodeIgniter\CodeIgniter->handleRequest(NULL, Object(Config\Cache), false)
#5 C:\xampp\htdocs\snbt\public\index.php(37): CodeIgniter\CodeIgniter->run()
#6 C:\xampp\htdocs\snbt\system\Commands\Server\rewrite.php(43): require_once('C:\\xampp\\htdocs...')
#7 {main}
CRITICAL - 2023-08-13 13:47:21 --> Attempt to read property "id" on array
#0 C:\xampp\htdocs\snbt\app\Models\SoalMDL.php(140): CodeIgniter\Debug\Exceptions->errorHandler(2, 'Attempt to read...', 'C:\\xampp\\htdocs...', 140)
#1 C:\xampp\htdocs\snbt\app\Controllers\Submit.php(168): App\Models\SoalMDL->reSortIdx()
#2 C:\xampp\htdocs\snbt\system\CodeIgniter.php(832): App\Controllers\Submit->soal()
#3 C:\xampp\htdocs\snbt\system\CodeIgniter.php(419): CodeIgniter\CodeIgniter->runController(Object(App\Controllers\Submit))
#4 C:\xampp\htdocs\snbt\system\CodeIgniter.php(326): CodeIgniter\CodeIgniter->handleRequest(NULL, Object(Config\Cache), false)
#5 C:\xampp\htdocs\snbt\public\index.php(37): CodeIgniter\CodeIgniter->run()
#6 C:\xampp\htdocs\snbt\system\Commands\Server\rewrite.php(43): require_once('C:\\xampp\\htdocs...')
#7 {main}
CRITICAL - 2023-08-13 13:47:59 --> Attempt to read property "id" on array
#0 C:\xampp\htdocs\snbt\app\Models\SoalMDL.php(140): CodeIgniter\Debug\Exceptions->errorHandler(2, 'Attempt to read...', 'C:\\xampp\\htdocs...', 140)
#1 C:\xampp\htdocs\snbt\app\Controllers\Submit.php(168): App\Models\SoalMDL->reSortIdx()
#2 C:\xampp\htdocs\snbt\system\CodeIgniter.php(832): App\Controllers\Submit->soal()
#3 C:\xampp\htdocs\snbt\system\CodeIgniter.php(419): CodeIgniter\CodeIgniter->runController(Object(App\Controllers\Submit))
#4 C:\xampp\htdocs\snbt\system\CodeIgniter.php(326): CodeIgniter\CodeIgniter->handleRequest(NULL, Object(Config\Cache), false)
#5 C:\xampp\htdocs\snbt\public\index.php(37): CodeIgniter\CodeIgniter->run()
#6 C:\xampp\htdocs\snbt\system\Commands\Server\rewrite.php(43): require_once('C:\\xampp\\htdocs...')
#7 {main}
CRITICAL - 2023-08-13 13:50:17 --> Too few arguments to function App\Controllers\Delete::soal(), 0 passed in C:\xampp\htdocs\snbt\system\CodeIgniter.php on line 832 and exactly 1 expected
#0 C:\xampp\htdocs\snbt\system\CodeIgniter.php(832): App\Controllers\Delete->soal()
#1 C:\xampp\htdocs\snbt\system\CodeIgniter.php(419): CodeIgniter\CodeIgniter->runController(Object(App\Controllers\Delete))
#2 C:\xampp\htdocs\snbt\system\CodeIgniter.php(326): CodeIgniter\CodeIgniter->handleRequest(NULL, Object(Config\Cache), false)
#3 C:\xampp\htdocs\snbt\public\index.php(37): CodeIgniter\CodeIgniter->run()
#4 C:\xampp\htdocs\snbt\system\Commands\Server\rewrite.php(43): require_once('C:\\xampp\\htdocs...')
#5 {main}
CRITICAL - 2023-08-13 13:52:40 --> Too few arguments to function App\Controllers\Edit::soal(), 0 passed in C:\xampp\htdocs\snbt\system\CodeIgniter.php on line 832 and exactly 1 expected
#0 C:\xampp\htdocs\snbt\system\CodeIgniter.php(832): App\Controllers\Edit->soal()
#1 C:\xampp\htdocs\snbt\system\CodeIgniter.php(419): CodeIgniter\CodeIgniter->runController(Object(App\Controllers\Edit))
#2 C:\xampp\htdocs\snbt\system\CodeIgniter.php(326): CodeIgniter\CodeIgniter->handleRequest(NULL, Object(Config\Cache), false)
#3 C:\xampp\htdocs\snbt\public\index.php(37): CodeIgniter\CodeIgniter->run()
#4 C:\xampp\htdocs\snbt\system\Commands\Server\rewrite.php(43): require_once('C:\\xampp\\htdocs...')
#5 {main}
CRITICAL - 2023-08-13 13:57:34 --> Too few arguments to function App\Controllers\Edit::soal(), 0 passed in C:\xampp\htdocs\snbt\system\CodeIgniter.php on line 832 and exactly 1 expected
#0 C:\xampp\htdocs\snbt\system\CodeIgniter.php(832): App\Controllers\Edit->soal()
#1 C:\xampp\htdocs\snbt\system\CodeIgniter.php(419): CodeIgniter\CodeIgniter->runController(Object(App\Controllers\Edit))
#2 C:\xampp\htdocs\snbt\system\CodeIgniter.php(326): CodeIgniter\CodeIgniter->handleRequest(NULL, Object(Config\Cache), false)
#3 C:\xampp\htdocs\snbt\public\index.php(37): CodeIgniter\CodeIgniter->run()
#4 C:\xampp\htdocs\snbt\system\Commands\Server\rewrite.php(43): require_once('C:\\xampp\\htdocs...')
#5 {main}
CRITICAL - 2023-08-13 14:42:33 --> Attempt to read property "id" on array
#0 C:\xampp\htdocs\snbt\app\Models\SoalMDL.php(140): CodeIgniter\Debug\Exceptions->errorHandler(2, 'Attempt to read...', 'C:\\xampp\\htdocs...', 140)
#1 C:\xampp\htdocs\snbt\app\Controllers\Submit.php(168): App\Models\SoalMDL->reSortIdx()
#2 C:\xampp\htdocs\snbt\system\CodeIgniter.php(832): App\Controllers\Submit->soal()
#3 C:\xampp\htdocs\snbt\system\CodeIgniter.php(419): CodeIgniter\CodeIgniter->runController(Object(App\Controllers\Submit))
#4 C:\xampp\htdocs\snbt\system\CodeIgniter.php(326): CodeIgniter\CodeIgniter->handleRequest(NULL, Object(Config\Cache), false)
#5 C:\xampp\htdocs\snbt\public\index.php(37): CodeIgniter\CodeIgniter->run()
#6 C:\xampp\htdocs\snbt\system\Commands\Server\rewrite.php(43): require_once('C:\\xampp\\htdocs...')
#7 {main}
ERROR - 2023-08-13 15:01:58 --> Unknown column 'idx' in 'field list'
CRITICAL - 2023-08-13 15:01:58 --> Unknown column 'idx' in 'field list'
#0 C:\xampp\htdocs\snbt\system\Database\MySQLi\Connection.php(292): mysqli->query('UPDATE `kategor...', 0)
#1 C:\xampp\htdocs\snbt\system\Database\BaseConnection.php(670): CodeIgniter\Database\MySQLi\Connection->execute('UPDATE `kategor...')
#2 C:\xampp\htdocs\snbt\system\Database\BaseConnection.php(598): CodeIgniter\Database\BaseConnection->simpleQuery('UPDATE `kategor...')
#3 C:\xampp\htdocs\snbt\system\Database\BaseBuilder.php(1913): CodeIgniter\Database\BaseConnection->query('UPDATE `kategor...', Array, false)
#4 C:\xampp\htdocs\snbt\app\Models\SoalMDL.php(144): CodeIgniter\Database\BaseBuilder->update()
#5 C:\xampp\htdocs\snbt\app\Controllers\Submit.php(168): App\Models\SoalMDL->reSortIdx()
#6 C:\xampp\htdocs\snbt\system\CodeIgniter.php(832): App\Controllers\Submit->soal()
#7 C:\xampp\htdocs\snbt\system\CodeIgniter.php(419): CodeIgniter\CodeIgniter->runController(Object(App\Controllers\Submit))
#8 C:\xampp\htdocs\snbt\system\CodeIgniter.php(326): CodeIgniter\CodeIgniter->handleRequest(NULL, Object(Config\Cache), false)
#9 C:\xampp\htdocs\snbt\public\index.php(37): CodeIgniter\CodeIgniter->run()
#10 C:\xampp\htdocs\snbt\system\Commands\Server\rewrite.php(43): require_once('C:\\xampp\\htdocs...')
#11 {main}
ERROR - 2023-08-13 15:40:48 --> Unknown column 'idx' in 'field list'
CRITICAL - 2023-08-13 15:40:48 --> Unknown column 'idx' in 'field list'
#0 C:\xampp\htdocs\snbt\system\Database\MySQLi\Connection.php(292): mysqli->query('UPDATE `kategor...', 0)
#1 C:\xampp\htdocs\snbt\system\Database\BaseConnection.php(670): CodeIgniter\Database\MySQLi\Connection->execute('UPDATE `kategor...')
#2 C:\xampp\htdocs\snbt\system\Database\BaseConnection.php(598): CodeIgniter\Database\BaseConnection->simpleQuery('UPDATE `kategor...')
#3 C:\xampp\htdocs\snbt\system\Database\BaseBuilder.php(1913): CodeIgniter\Database\BaseConnection->query('UPDATE `kategor...', Array, false)
#4 C:\xampp\htdocs\snbt\app\Models\SoalMDL.php(144): CodeIgniter\Database\BaseBuilder->update()
#5 C:\xampp\htdocs\snbt\app\Controllers\SubmitEdit.php(138): App\Models\SoalMDL->reSortIdx()
#6 C:\xampp\htdocs\snbt\system\CodeIgniter.php(832): App\Controllers\SubmitEdit->soal('68')
#7 C:\xampp\htdocs\snbt\system\CodeIgniter.php(419): CodeIgniter\CodeIgniter->runController(Object(App\Controllers\SubmitEdit))
#8 C:\xampp\htdocs\snbt\system\CodeIgniter.php(326): CodeIgniter\CodeIgniter->handleRequest(NULL, Object(Config\Cache), false)
#9 C:\xampp\htdocs\snbt\public\index.php(37): CodeIgniter\CodeIgniter->run()
#10 C:\xampp\htdocs\snbt\system\Commands\Server\rewrite.php(43): require_once('C:\\xampp\\htdocs...')
#11 {main}
CRITICAL - 2023-08-13 15:44:12 --> Attempt to read property "id" on array
#0 C:\xampp\htdocs\snbt\app\Models\SoalMDL.php(140): CodeIgniter\Debug\Exceptions->errorHandler(2, 'Attempt to read...', 'C:\\xampp\\htdocs...', 140)
#1 C:\xampp\htdocs\snbt\app\Controllers\SubmitEdit.php(138): App\Models\SoalMDL->reSortIdx()
#2 C:\xampp\htdocs\snbt\system\CodeIgniter.php(832): App\Controllers\SubmitEdit->soal('68')
#3 C:\xampp\htdocs\snbt\system\CodeIgniter.php(419): CodeIgniter\CodeIgniter->runController(Object(App\Controllers\SubmitEdit))
#4 C:\xampp\htdocs\snbt\system\CodeIgniter.php(326): CodeIgniter\CodeIgniter->handleRequest(NULL, Object(Config\Cache), false)
#5 C:\xampp\htdocs\snbt\public\index.php(37): CodeIgniter\CodeIgniter->run()
#6 C:\xampp\htdocs\snbt\system\Commands\Server\rewrite.php(43): require_once('C:\\xampp\\htdocs...')
#7 {main}
CRITICAL - 2023-08-13 15:45:02 --> Attempt to read property "id" on array
#0 C:\xampp\htdocs\snbt\app\Models\SoalMDL.php(140): CodeIgniter\Debug\Exceptions->errorHandler(2, 'Attempt to read...', 'C:\\xampp\\htdocs...', 140)
#1 C:\xampp\htdocs\snbt\app\Controllers\SubmitEdit.php(138): App\Models\SoalMDL->reSortIdx()
#2 C:\xampp\htdocs\snbt\system\CodeIgniter.php(832): App\Controllers\SubmitEdit->soal('68')
#3 C:\xampp\htdocs\snbt\system\CodeIgniter.php(419): CodeIgniter\CodeIgniter->runController(Object(App\Controllers\SubmitEdit))
#4 C:\xampp\htdocs\snbt\system\CodeIgniter.php(326): CodeIgniter\CodeIgniter->handleRequest(NULL, Object(Config\Cache), false)
#5 C:\xampp\htdocs\snbt\public\index.php(37): CodeIgniter\CodeIgniter->run()
#6 C:\xampp\htdocs\snbt\system\Commands\Server\rewrite.php(43): require_once('C:\\xampp\\htdocs...')
#7 {main}
CRITICAL - 2023-08-13 15:46:18 --> Attempt to read property "id" on array
#0 C:\xampp\htdocs\snbt\app\Models\SoalMDL.php(140): CodeIgniter\Debug\Exceptions->errorHandler(2, 'Attempt to read...', 'C:\\xampp\\htdocs...', 140)
#1 C:\xampp\htdocs\snbt\app\Controllers\SubmitEdit.php(138): App\Models\SoalMDL->reSortIdx()
#2 C:\xampp\htdocs\snbt\system\CodeIgniter.php(832): App\Controllers\SubmitEdit->soal('68')
#3 C:\xampp\htdocs\snbt\system\CodeIgniter.php(419): CodeIgniter\CodeIgniter->runController(Object(App\Controllers\SubmitEdit))
#4 C:\xampp\htdocs\snbt\system\CodeIgniter.php(326): CodeIgniter\CodeIgniter->handleRequest(NULL, Object(Config\Cache), false)
#5 C:\xampp\htdocs\snbt\public\index.php(37): CodeIgniter\CodeIgniter->run()
#6 C:\xampp\htdocs\snbt\system\Commands\Server\rewrite.php(43): require_once('C:\\xampp\\htdocs...')
#7 {main}
CRITICAL - 2023-08-13 15:47:38 --> Attempt to read property "id" on array
#0 C:\xampp\htdocs\snbt\app\Models\SoalMDL.php(140): CodeIgniter\Debug\Exceptions->errorHandler(2, 'Attempt to read...', 'C:\\xampp\\htdocs...', 140)
#1 C:\xampp\htdocs\snbt\app\Controllers\SubmitEdit.php(138): App\Models\SoalMDL->reSortIdx()
#2 C:\xampp\htdocs\snbt\system\CodeIgniter.php(832): App\Controllers\SubmitEdit->soal('68')
#3 C:\xampp\htdocs\snbt\system\CodeIgniter.php(419): CodeIgniter\CodeIgniter->runController(Object(App\Controllers\SubmitEdit))
#4 C:\xampp\htdocs\snbt\system\CodeIgniter.php(326): CodeIgniter\CodeIgniter->handleRequest(NULL, Object(Config\Cache), false)
#5 C:\xampp\htdocs\snbt\public\index.php(37): CodeIgniter\CodeIgniter->run()
#6 C:\xampp\htdocs\snbt\system\Commands\Server\rewrite.php(43): require_once('C:\\xampp\\htdocs...')
#7 {main}
CRITICAL - 2023-08-13 15:55:16 --> Attempt to read property "id" on array
#0 C:\xampp\htdocs\snbt\app\Models\SoalMDL.php(141): CodeIgniter\Debug\Exceptions->errorHandler(2, 'Attempt to read...', 'C:\\xampp\\htdocs...', 141)
#1 C:\xampp\htdocs\snbt\app\Controllers\SubmitEdit.php(138): App\Models\SoalMDL->reSortIdx()
#2 C:\xampp\htdocs\snbt\system\CodeIgniter.php(832): App\Controllers\SubmitEdit->soal('68')
#3 C:\xampp\htdocs\snbt\system\CodeIgniter.php(419): CodeIgniter\CodeIgniter->runController(Object(App\Controllers\SubmitEdit))
#4 C:\xampp\htdocs\snbt\system\CodeIgniter.php(326): CodeIgniter\CodeIgniter->handleRequest(NULL, Object(Config\Cache), false)
#5 C:\xampp\htdocs\snbt\public\index.php(37): CodeIgniter\CodeIgniter->run()
#6 C:\xampp\htdocs\snbt\system\Commands\Server\rewrite.php(43): require_once('C:\\xampp\\htdocs...')
#7 {main}
ERROR - 2023-08-13 15:57:22 --> Unknown column 'idx' in 'field list'
CRITICAL - 2023-08-13 15:57:22 --> Unknown column 'idx' in 'field list'
#0 C:\xampp\htdocs\snbt\system\Database\MySQLi\Connection.php(292): mysqli->query('UPDATE `kategor...', 0)
#1 C:\xampp\htdocs\snbt\system\Database\BaseConnection.php(670): CodeIgniter\Database\MySQLi\Connection->execute('UPDATE `kategor...')
#2 C:\xampp\htdocs\snbt\system\Database\BaseConnection.php(598): CodeIgniter\Database\BaseConnection->simpleQuery('UPDATE `kategor...')
#3 C:\xampp\htdocs\snbt\system\Database\BaseBuilder.php(1913): CodeIgniter\Database\BaseConnection->query('UPDATE `kategor...', Array, false)
#4 C:\xampp\htdocs\snbt\app\Models\SoalMDL.php(144): CodeIgniter\Database\BaseBuilder->update()
#5 C:\xampp\htdocs\snbt\app\Controllers\SubmitEdit.php(138): App\Models\SoalMDL->reSortIdx()
#6 C:\xampp\htdocs\snbt\system\CodeIgniter.php(832): App\Controllers\SubmitEdit->soal('68')
#7 C:\xampp\htdocs\snbt\system\CodeIgniter.php(419): CodeIgniter\CodeIgniter->runController(Object(App\Controllers\SubmitEdit))
#8 C:\xampp\htdocs\snbt\system\CodeIgniter.php(326): CodeIgniter\CodeIgniter->handleRequest(NULL, Object(Config\Cache), false)
#9 C:\xampp\htdocs\snbt\public\index.php(37): CodeIgniter\CodeIgniter->run()
#10 C:\xampp\htdocs\snbt\system\Commands\Server\rewrite.php(43): require_once('C:\\xampp\\htdocs...')
#11 {main}
CRITICAL - 2023-08-13 16:42:28 --> Attempt to read property "id" on array
#0 C:\xampp\htdocs\snbt\app\Models\SoalMDL.php(140): CodeIgniter\Debug\Exceptions->errorHandler(2, 'Attempt to read...', 'C:\\xampp\\htdocs...', 140)
#1 C:\xampp\htdocs\snbt\app\Controllers\SubmitEdit.php(138): App\Models\SoalMDL->reSortIdx()
#2 C:\xampp\htdocs\snbt\system\CodeIgniter.php(832): App\Controllers\SubmitEdit->soal('1')
#3 C:\xampp\htdocs\snbt\system\CodeIgniter.php(419): CodeIgniter\CodeIgniter->runController(Object(App\Controllers\SubmitEdit))
#4 C:\xampp\htdocs\snbt\system\CodeIgniter.php(326): CodeIgniter\CodeIgniter->handleRequest(NULL, Object(Config\Cache), false)
#5 C:\xampp\htdocs\snbt\public\index.php(37): CodeIgniter\CodeIgniter->run()
#6 C:\xampp\htdocs\snbt\system\Commands\Server\rewrite.php(43): require_once('C:\\xampp\\htdocs...')
#7 {main}
ERROR - 2023-08-13 16:43:58 --> Unknown column 'idx' in 'field list'
CRITICAL - 2023-08-13 16:43:58 --> Unknown column 'idx' in 'field list'
#0 C:\xampp\htdocs\snbt\system\Database\MySQLi\Connection.php(292): mysqli->query('UPDATE `kategor...', 0)
#1 C:\xampp\htdocs\snbt\system\Database\BaseConnection.php(670): CodeIgniter\Database\MySQLi\Connection->execute('UPDATE `kategor...')
#2 C:\xampp\htdocs\snbt\system\Database\BaseConnection.php(598): CodeIgniter\Database\BaseConnection->simpleQuery('UPDATE `kategor...')
#3 C:\xampp\htdocs\snbt\system\Database\BaseBuilder.php(1913): CodeIgniter\Database\BaseConnection->query('UPDATE `kategor...', Array, false)
#4 C:\xampp\htdocs\snbt\app\Models\SoalMDL.php(144): CodeIgniter\Database\BaseBuilder->update()
#5 C:\xampp\htdocs\snbt\app\Controllers\SubmitEdit.php(138): App\Models\SoalMDL->reSortIdx()
#6 C:\xampp\htdocs\snbt\system\CodeIgniter.php(832): App\Controllers\SubmitEdit->soal('1')
#7 C:\xampp\htdocs\snbt\system\CodeIgniter.php(419): CodeIgniter\CodeIgniter->runController(Object(App\Controllers\SubmitEdit))
#8 C:\xampp\htdocs\snbt\system\CodeIgniter.php(326): CodeIgniter\CodeIgniter->handleRequest(NULL, Object(Config\Cache), false)
#9 C:\xampp\htdocs\snbt\public\index.php(37): CodeIgniter\CodeIgniter->run()
#10 C:\xampp\htdocs\snbt\system\Commands\Server\rewrite.php(43): require_once('C:\\xampp\\htdocs...')
#11 {main}
ERROR - 2023-08-13 16:43:58 --> Unknown column 'idx' in 'field list'
CRITICAL - 2023-08-13 16:43:58 --> Unknown column 'idx' in 'field list'
#0 C:\xampp\htdocs\snbt\system\Database\MySQLi\Connection.php(292): mysqli->query('UPDATE `kategor...', 0)
#1 C:\xampp\htdocs\snbt\system\Database\BaseConnection.php(670): CodeIgniter\Database\MySQLi\Connection->execute('UPDATE `kategor...')
#2 C:\xampp\htdocs\snbt\system\Database\BaseConnection.php(598): CodeIgniter\Database\BaseConnection->simpleQuery('UPDATE `kategor...')
#3 C:\xampp\htdocs\snbt\system\Database\BaseBuilder.php(1913): CodeIgniter\Database\BaseConnection->query('UPDATE `kategor...', Array, false)
#4 C:\xampp\htdocs\snbt\app\Models\SoalMDL.php(144): CodeIgniter\Database\BaseBuilder->update()
#5 C:\xampp\htdocs\snbt\app\Controllers\SubmitEdit.php(138): App\Models\SoalMDL->reSortIdx()
#6 C:\xampp\htdocs\snbt\system\CodeIgniter.php(832): App\Controllers\SubmitEdit->soal('1')
#7 C:\xampp\htdocs\snbt\system\CodeIgniter.php(419): CodeIgniter\CodeIgniter->runController(Object(App\Controllers\SubmitEdit))
#8 C:\xampp\htdocs\snbt\system\CodeIgniter.php(326): CodeIgniter\CodeIgniter->handleRequest(NULL, Object(Config\Cache), false)
#9 C:\xampp\htdocs\snbt\public\index.php(37): CodeIgniter\CodeIgniter->run()
#10 C:\xampp\htdocs\snbt\system\Commands\Server\rewrite.php(43): require_once('C:\\xampp\\htdocs...')
#11 {main}
CRITICAL - 2023-08-13 18:20:37 --> Attempt to read property "id" on array
#0 C:\xampp\htdocs\snbt\app\Models\SoalMDL.php(142): CodeIgniter\Debug\Exceptions->errorHandler(2, 'Attempt to read...', 'C:\\xampp\\htdocs...', 142)
#1 C:\xampp\htdocs\snbt\app\Controllers\SubmitEdit.php(138): App\Models\SoalMDL->reSortIdx()
#2 C:\xampp\htdocs\snbt\system\CodeIgniter.php(832): App\Controllers\SubmitEdit->soal('1')
#3 C:\xampp\htdocs\snbt\system\CodeIgniter.php(419): CodeIgniter\CodeIgniter->runController(Object(App\Controllers\SubmitEdit))
#4 C:\xampp\htdocs\snbt\system\CodeIgniter.php(326): CodeIgniter\CodeIgniter->handleRequest(NULL, Object(Config\Cache), false)
#5 C:\xampp\htdocs\snbt\public\index.php(37): CodeIgniter\CodeIgniter->run()
#6 C:\xampp\htdocs\snbt\system\Commands\Server\rewrite.php(43): require_once('C:\\xampp\\htdocs...')
#7 {main}
